
04/01/2024 21:18:08: Log Auto Update - Download: Catalogue_Dia_Ban_Xa.xml                                      0Kb

04/01/2024 21:18:15: Log Auto Update - Download: Catalogue_Dia_Ban_Xa_703.xml                             809946Kb

04/01/2024 21:18:15: Log Auto Update - Download: Catalogue_Dia_Ban_Xa_717.xml                             819584Kb

04/01/2024 21:18:15: Log Auto Update - Download: ConvertVersion.xml                                       825495Kb

04/01/2024 21:18:15: Log Auto Update - Download: HTKK.exe                                                 834290Kb

04/01/2024 21:18:21: Log Auto Update - Download: HTKK.exe.config                                         3706098Kb

04/01/2024 21:18:21: Log Auto Update - Download: HTKK.pdb                                                3708308Kb

04/01/2024 21:18:25: Log Auto Update - Download: Interop.TBARCODE5Lib.dll                                5866388Kb

04/01/2024 21:18:26: Log Auto Update - Download: MapMCT.xml                                              5923732Kb

04/01/2024 21:18:30: Log Auto Update - Download: TAX.HTKK.Business.dll                                   6518037Kb

04/01/2024 21:18:38: Log Auto Update - Download: TAX.HTKK.Business.pdb                                  10727701Kb

04/01/2024 21:18:52: Log Auto Update - Download: TAX.HTKK.Utilities.dll                                 19332885Kb

04/01/2024 21:18:55: Log Auto Update - Download: TAX.HTKK.Utilities.pdb                                 20651285Kb

04/01/2024 21:18:59: Log Auto Update - Download: Bang_Ke_05DK_TH.xls                                    21205781Kb

04/01/2024 21:19:12: Log Auto Update - Download: Bang_Ke_05_3_QTT.xls                                   29307669Kb

04/01/2024 21:19:25: Log Auto Update - Download: Bang_Ke_16TH_DangKyCapMa.xls                           37351701Kb

04/01/2024 21:19:37: Log Auto Update - Download: Bang_Ke_20TH_DangKyCapMa.xls                           45387029Kb

04/01/2024 21:19:50: Log Auto Update - Download: 01_4_CNKD_TT40_268.xml                                 53465877Kb

04/01/2024 21:19:50: Log Auto Update - Download: 20_TH_DK_TCT_101.xml                                   53471841Kb

04/01/2024 21:19:51: Log Auto Update - Download: Version5.1.4.txt                                       53496673Kb
