------------------------------------------------------------------------------------------------------------------------------------
  "Date":"1/27/2023 12:04:33 AM",
  "Source":"[DownloadBlock]",
  "Message":"The underlying connection was closed: An unexpected error occurred on a send.",
  "StackTrace":"   at System.Web.Services.Protocols.WebClientProtocol.GetWebResponse(WebRequest request)\r\n   at System.Web.Services.Protocols.HttpWebClientProtocol.GetWebResponse(WebRequest request)\r\n   at System.Web.Services.Protocols.SoapHttpClientProtocol.Invoke(String methodName, Object[] parameters)\r\n   at DownloadVersion.GetBlock(String session_id, String clientGuid, String maSoThue, Int32 size, String client_curr_version, String tenCQTCapCuc, String maCQTCapCuc, String tenCQTNoiNop, String maCQTNoiNop, Int32 file_id, Int32 block_ind, Boolean is_last_file, Boolean is_first_block, Boolean is_first_file, Byte[]& block_signature, String& err_msg) in E:\\Projects\\HTKK\\SourceCode230318\\ServerAU\\Client_AutoUpdate\\Utility\\DownloadVersion.cs:line 430\r\n   at FileTransfer.FileServerConnector.DownloadBlock(String session_id, String clientGuid, String tax_code, Int32 size, String curr_version, Int32 file_ind, Int32 block_ind, Boolean is_last_file, Boolean is_first_block, Boolean is_first_file, Byte[]& bytes, Byte[]& blk_sign) in E:\\Projects\\HTKK\\SourceCode230318\\ServerAU\\Client_AutoUpdate\\FileServerConnector.cs:line 80",
------------------------------------------------------------------------------------------------------------------------------------
------------------------------------------------------------------------------------------------------------------------------------
  "Date":"1/27/2023 12:04:35 AM",
  "Source":"[DownloadBlock]",
  "Message":"The underlying connection was closed: An unexpected error occurred on a send.",
  "StackTrace":"   at System.Web.Services.Protocols.WebClientProtocol.GetWebResponse(WebRequest request)\r\n   at System.Web.Services.Protocols.HttpWebClientProtocol.GetWebResponse(WebRequest request)\r\n   at System.Web.Services.Protocols.SoapHttpClientProtocol.Invoke(String methodName, Object[] parameters)\r\n   at DownloadVersion.GetBlock(String session_id, String clientGuid, String maSoThue, Int32 size, String client_curr_version, String tenCQTCapCuc, String maCQTCapCuc, String tenCQTNoiNop, String maCQTNoiNop, Int32 file_id, Int32 block_ind, Boolean is_last_file, Boolean is_first_block, Boolean is_first_file, Byte[]& block_signature, String& err_msg) in E:\\Projects\\HTKK\\SourceCode230318\\ServerAU\\Client_AutoUpdate\\Utility\\DownloadVersion.cs:line 430\r\n   at FileTransfer.FileServerConnector.DownloadBlock(String session_id, String clientGuid, String tax_code, Int32 size, String curr_version, Int32 file_ind, Int32 block_ind, Boolean is_last_file, Boolean is_first_block, Boolean is_first_file, Byte[]& bytes, Byte[]& blk_sign) in E:\\Projects\\HTKK\\SourceCode230318\\ServerAU\\Client_AutoUpdate\\FileServerConnector.cs:line 80",
------------------------------------------------------------------------------------------------------------------------------------
------------------------------------------------------------------------------------------------------------------------------------
  "Date":"1/27/2023 12:04:37 AM",
  "Source":"[DownloadBlock]",
  "Message":"The underlying connection was closed: An unexpected error occurred on a send.",
  "StackTrace":"   at System.Web.Services.Protocols.WebClientProtocol.GetWebResponse(WebRequest request)\r\n   at System.Web.Services.Protocols.HttpWebClientProtocol.GetWebResponse(WebRequest request)\r\n   at System.Web.Services.Protocols.SoapHttpClientProtocol.Invoke(String methodName, Object[] parameters)\r\n   at DownloadVersion.GetBlock(String session_id, String clientGuid, String maSoThue, Int32 size, String client_curr_version, String tenCQTCapCuc, String maCQTCapCuc, String tenCQTNoiNop, String maCQTNoiNop, Int32 file_id, Int32 block_ind, Boolean is_last_file, Boolean is_first_block, Boolean is_first_file, Byte[]& block_signature, String& err_msg) in E:\\Projects\\HTKK\\SourceCode230318\\ServerAU\\Client_AutoUpdate\\Utility\\DownloadVersion.cs:line 430\r\n   at FileTransfer.FileServerConnector.DownloadBlock(String session_id, String clientGuid, String tax_code, Int32 size, String curr_version, Int32 file_ind, Int32 block_ind, Boolean is_last_file, Boolean is_first_block, Boolean is_first_file, Byte[]& bytes, Byte[]& blk_sign) in E:\\Projects\\HTKK\\SourceCode230318\\ServerAU\\Client_AutoUpdate\\FileServerConnector.cs:line 80",
------------------------------------------------------------------------------------------------------------------------------------
------------------------------------------------------------------------------------------------------------------------------------
  "Date":"1/27/2023 12:04:37 AM",
  "Source":"[DownloadBlock]",
  "Message":"The underlying connection was closed: An unexpected error occurred on a send.",
  "StackTrace":"   at System.Web.Services.Protocols.WebClientProtocol.GetWebResponse(WebRequest request)\r\n   at System.Web.Services.Protocols.HttpWebClientProtocol.GetWebResponse(WebRequest request)\r\n   at System.Web.Services.Protocols.SoapHttpClientProtocol.Invoke(String methodName, Object[] parameters)\r\n   at DownloadVersion.GetBlock(String session_id, String clientGuid, String maSoThue, Int32 size, String client_curr_version, String tenCQTCapCuc, String maCQTCapCuc, String tenCQTNoiNop, String maCQTNoiNop, Int32 file_id, Int32 block_ind, Boolean is_last_file, Boolean is_first_block, Boolean is_first_file, Byte[]& block_signature, String& err_msg) in E:\\Projects\\HTKK\\SourceCode230318\\ServerAU\\Client_AutoUpdate\\Utility\\DownloadVersion.cs:line 430\r\n   at FileTransfer.FileServerConnector.DownloadBlock(String session_id, String clientGuid, String tax_code, Int32 size, String curr_version, Int32 file_ind, Int32 block_ind, Boolean is_last_file, Boolean is_first_block, Boolean is_first_file, Byte[]& bytes, Byte[]& blk_sign) in E:\\Projects\\HTKK\\SourceCode230318\\ServerAU\\Client_AutoUpdate\\FileServerConnector.cs:line 80",
------------------------------------------------------------------------------------------------------------------------------------
