
21/02/2024 15:33:00: Log Auto Update - Download: Catalogue_DM_thue_BVMT_012024.xml                             0Kb

21/02/2024 15:33:00: Log Auto Update - Download: Catalogue_DM_thue_BVMT_012025.xml                          2564Kb

21/02/2024 15:33:00: Log Auto Update - Download: ConvertVersion.xml                                         5127Kb

21/02/2024 15:33:01: Log Auto Update - Download: Button.xml                                                14087Kb

21/02/2024 15:33:01: Log Auto Update - Download: CreateDataFileKHBSMiss.xml                                42622Kb

21/02/2024 15:33:01: Log Auto Update - Download: HTKK.chw                                                  44065Kb

21/02/2024 15:33:01: Log Auto Update - Download: HTKK.exe                                                  90866Kb

21/02/2024 15:33:06: Log Auto Update - Download: HTKK.exe.config                                         2971890Kb

21/02/2024 15:33:06: Log Auto Update - Download: HTKK.pdb                                                2974100Kb

21/02/2024 15:33:10: Log Auto Update - Download: Interop.TBARCODE5Lib.dll                                5142420Kb

21/02/2024 15:33:10: Log Auto Update - Download: Map.xml                                                 5199764Kb

21/02/2024 15:33:11: Log Auto Update - Download: MapMCT.xml                                              5308376Kb

21/02/2024 15:33:15: Log Auto Update - Download: Menu.xml                                                5902785Kb

21/02/2024 15:33:16: Log Auto Update - Download: Message.xml                                             6180470Kb

21/02/2024 15:33:17: Log Auto Update - Download: TAX.HTKK.Business.dll                                   6244112Kb

21/02/2024 15:33:24: Log Auto Update - Download: TAX.HTKK.Business.pdb                                  10468112Kb

21/02/2024 15:33:37: Log Auto Update - Download: TAX.HTKK.Utilities.dll                                 19282192Kb

21/02/2024 15:33:39: Log Auto Update - Download: TAX.HTKK.Utilities.pdb                                 20601616Kb

21/02/2024 15:33:43: Log Auto Update - Download: 01_CNKD_TT40_268.xls                                   21190928Kb

21/02/2024 15:33:45: Log Auto Update - Download: 01_DK_TDKTT_TT80_272.xls                               21472528Kb

21/02/2024 15:33:45: Log Auto Update - Download: 01_GTGT_TT80_268.xls                                   21526800Kb

21/02/2024 15:33:47: Log Auto Update - Download: 01_LPMB_TT80_272.xls                                   21782800Kb

21/02/2024 15:33:48: Log Auto Update - Download: 01_TTS_TT40_268.xls                                    21909776Kb

21/02/2024 15:33:51: Log Auto Update - Download: 04_GTGT_TT80_268.xls                                   22314256Kb

21/02/2024 15:33:52: Log Auto Update - Download: Bang_Ke_01_GiamThue_GTGT_23_24_CNKD_TT40.xls           22486800Kb

21/02/2024 15:33:52: Log Auto Update - Download: Bang_Ke_01_GiamThue_GTGT_23_24_GTGT_TT80.xls           22518032Kb

21/02/2024 15:33:53: Log Auto Update - Download: Bang_Ke_01_GiamThue_GTGT_23_24_TTS_TT40.xls            22547216Kb

21/02/2024 15:33:53: Log Auto Update - Download: Bang_Ke_04_GiamThue_GTGT_23_24_GTGT_TT80.xls           22576400Kb

21/02/2024 15:33:53: Log Auto Update - Download: KHBS_TT80_272.xls                                      22606096Kb

21/02/2024 15:33:54: Log Auto Update - Download: 01_DK_TDKTT_TT80_272.xsd                               22730512Kb

21/02/2024 15:33:54: Log Auto Update - Download: 01_LPMB_TT80_272.xsd                                   22732707Kb

21/02/2024 15:33:54: Log Auto Update - Download: KHBS_01_LPMB_TT80_272.xsd                              22741574Kb

21/02/2024 15:33:55: Log Auto Update - Download: 01_DK_TDKTT_TT80_272.xml                               22788254Kb

21/02/2024 15:33:55: Log Auto Update - Download: 01_DK_TDKTT_TT80_xml_272.xml                           22792642Kb

21/02/2024 15:33:55: Log Auto Update - Download: 01_LPMB_TT80_272.xml                                   22794211Kb

21/02/2024 15:33:55: Log Auto Update - Download: 01_LPMB_TT80_xml_272.xml                               22814669Kb

21/02/2024 15:33:55: Log Auto Update - Download: KHBS_01_1_TT80_272.xml                                 22816672Kb

21/02/2024 15:33:55: Log Auto Update - Download: KHBS_01_TT80_272.xml                                   22836560Kb

21/02/2024 15:33:55: Log Auto Update - Download: 01_DK_TDKTT_TT80_272.xls                               22867428Kb

21/02/2024 15:33:56: Log Auto Update - Download: 01_LPMB_TT80_272.xls                                   22921188Kb

21/02/2024 15:33:57: Log Auto Update - Download: 01_TTS_TT40_268.xls                                    23087076Kb

21/02/2024 15:33:59: Log Auto Update - Download: KHBS_TT80_268.xls                                      23342052Kb

21/02/2024 15:34:00: Log Auto Update - Download: KHBS_TT80_272.xls                                      23482340Kb

21/02/2024 15:34:01: Log Auto Update - Download: Version5.1.5.txt                                       23622628Kb

21/02/2024 15:34:01: Log Auto Update - Download: Version5.1.6.txt                                       23625233Kb

21/02/2024 15:34:01: Log Auto Update - Download: Version5.1.7.txt                                       23628807Kb
