
26/12/2023 08:09:08: Log Auto Update - Download: Catalogue_BVMT_072023.xml                                     0Kb

26/12/2023 08:09:09: Log Auto Update - Download: Catalogue_BVMT_082023.xml                                 57015Kb

26/12/2023 08:09:10: Log Auto Update - Download: Catalogue_BVMT_082023_CF.xml                             116742Kb

26/12/2023 08:09:10: Log Auto Update - Download: Catalogue_BVMT_092019.xml                                117544Kb

26/12/2023 08:09:10: Log Auto Update - Download: Catalogue_BVMT_092019_CF.xml                             165242Kb

26/12/2023 08:09:10: Log Auto Update - Download: Catalogue_Dia_Ban_Huyen.xml                              166044Kb

26/12/2023 08:09:11: Log Auto Update - Download: Catalogue_Dia_Ban_Huyen_223.xml                          210744Kb

26/12/2023 08:09:11: Log Auto Update - Download: Catalogue_Dia_Ban_Huyen_605.xml                          211367Kb

26/12/2023 08:09:11: Log Auto Update - Download: Catalogue_Dia_Ban_Huyen_711.xml                          212365Kb

26/12/2023 08:09:11: Log Auto Update - Download: Catalogue_Dia_Ban_Huyen_805.xml                          213069Kb

26/12/2023 08:09:11: Log Auto Update - Download: Catalogue_Dia_Ban_Huyen_809.xml                          213878Kb

26/12/2023 08:09:11: Log Auto Update - Download: Catalogue_Dia_Ban_Xa.xml                                 214490Kb

26/12/2023 08:09:19: Log Auto Update - Download: Catalogue_Dia_Ban_Xa_201.xml                            1024416Kb

26/12/2023 08:09:19: Log Auto Update - Download: Catalogue_Dia_Ban_Xa_207.xml                            1038020Kb

26/12/2023 08:09:19: Log Auto Update - Download: Catalogue_Dia_Ban_Xa_215.xml                            1047881Kb

26/12/2023 08:09:19: Log Auto Update - Download: Catalogue_Dia_Ban_Xa_219.xml                            1060785Kb

26/12/2023 08:09:20: Log Auto Update - Download: Catalogue_Dia_Ban_Xa_223.xml                            1070583Kb

26/12/2023 08:09:20: Log Auto Update - Download: Catalogue_Dia_Ban_Xa_503.xml                            1079574Kb

26/12/2023 08:09:20: Log Auto Update - Download: Catalogue_Dia_Ban_Xa_603.xml                            1096913Kb

26/12/2023 08:09:20: Log Auto Update - Download: Catalogue_Dia_Ban_Xa_605.xml                            1111934Kb

26/12/2023 08:09:21: Log Auto Update - Download: Catalogue_Dia_Ban_Xa_805.xml                            1124814Kb

26/12/2023 08:09:21: Log Auto Update - Download: Catalogue_Dia_Ban_Xa_811.xml                            1135920Kb

26/12/2023 08:09:21: Log Auto Update - Download: Catalogue_DM_NNKD.xml                                   1147843Kb

26/12/2023 08:09:21: Log Auto Update - Download: Catalogue_Loai_Hoan_Thue.xml                            1157725Kb

26/12/2023 08:09:21: Log Auto Update - Download: Catalogue_Ly_Do_Hoan_Thue.xml                           1158710Kb

26/12/2023 08:09:21: Log Auto Update - Download: Catalogue_PHLPNG_012022_01.xml                          1161719Kb

26/12/2023 08:09:22: Log Auto Update - Download: Catalogue_PHLPNG_012022_01_CF.xml                       1258786Kb

26/12/2023 08:09:22: Log Auto Update - Download: Catalogue_PHLP_012024_01.xml                            1259208Kb

26/12/2023 08:09:23: Log Auto Update - Download: Catalogue_PHLP_072023_01.xml                            1294204Kb

26/12/2023 08:09:23: Log Auto Update - Download: ConvertVersion.xml                                      1354890Kb

26/12/2023 08:09:23: Log Auto Update - Download: DM_DUNG_CHUNG.xml                                       1363521Kb

26/12/2023 08:09:24: Log Auto Update - Download: DM_MAP_MAHH_MA_TM.xml                                   1393440Kb

26/12/2023 08:09:24: Log Auto Update - Download: DM_NganHang.xml                                         1458410Kb

26/12/2023 08:09:24: Log Auto Update - Download: DM_TruongHopQuyetToan.xml                               1467872Kb

26/12/2023 08:09:25: Log Auto Update - Download: Button.xml                                              1478804Kb

26/12/2023 08:09:25: Log Auto Update - Download: ConvertDataCommon.xml                                   1507208Kb

26/12/2023 08:09:25: Log Auto Update - Download: CreateDataFileKHBSMiss.xml                              1519737Kb

26/12/2023 08:09:25: Log Auto Update - Download: HTKK.chm                                                1521180Kb

26/12/2023 08:09:45: Log Auto Update - Download: HTKK.exe                                               10762697Kb

26/12/2023 08:09:51: Log Auto Update - Download: HTKK.exe.config                                        13633993Kb

26/12/2023 08:09:51: Log Auto Update - Download: HTKK.pdb                                               13636203Kb

26/12/2023 08:09:55: Log Auto Update - Download: Interop.TBARCODE5Lib.dll                               15792235Kb

26/12/2023 08:09:56: Log Auto Update - Download: Map.xml                                                15849579Kb

26/12/2023 08:09:57: Log Auto Update - Download: MapMCT.xml                                             15957887Kb

26/12/2023 08:10:02: Log Auto Update - Download: MapMCT_TieuMuc.xml                                     16550938Kb

26/12/2023 08:10:03: Log Auto Update - Download: Menu.xml                                               16579040Kb

26/12/2023 08:10:05: Log Auto Update - Download: Message.xml                                            16855556Kb

26/12/2023 08:10:06: Log Auto Update - Download: TAX.HTKK.Business.dll                                  16918650Kb

26/12/2023 08:10:15: Log Auto Update - Download: TAX.HTKK.Business.pdb                                  21128314Kb

26/12/2023 08:10:32: Log Auto Update - Download: TAX.HTKK.Utilities.dll                                 29733498Kb

26/12/2023 08:10:35: Log Auto Update - Download: TAX.HTKK.Utilities.pdb                                 31051898Kb

26/12/2023 08:10:39: Log Auto Update - Download: ValidCombobox.xml                                      31606394Kb

26/12/2023 08:10:39: Log Auto Update - Download: 01A_DNHT_267.xls                                       31607809Kb

26/12/2023 08:10:41: Log Auto Update - Download: 01_CCTT_TMDT_TT80_260.xls                              31768065Kb

26/12/2023 08:10:42: Log Auto Update - Download: 01_CLVCSH_VDL_TT57_271.xls                             31866881Kb

26/12/2023 08:10:43: Log Auto Update - Download: 01_CNKD_TT40_253.xls                                   32009217Kb

26/12/2023 08:10:45: Log Auto Update - Download: 01_CNKD_TT40_268.xls                                   32280065Kb

26/12/2023 08:10:48: Log Auto Update - Download: 01_CNV_TT57_271.xls                                    32567297Kb

26/12/2023 08:10:49: Log Auto Update - Download: 01_CPH_TT57_271.xls                                    32711681Kb

26/12/2023 08:10:50: Log Auto Update - Download: 01_DK_TDKTT_TT80_251.xls                               32858113Kb

26/12/2023 08:10:51: Log Auto Update - Download: 01_DNHT_252.xls                                        32915969Kb

26/12/2023 08:10:52: Log Auto Update - Download: 01_DNHUY_TT80_252.xls                                  33065473Kb

26/12/2023 08:10:53: Log Auto Update - Download: 01_GTGT_262.xls                                        33127425Kb

26/12/2023 08:10:54: Log Auto Update - Download: 01_GTGT_TT80_251.xls                                   33278977Kb

26/12/2023 08:10:56: Log Auto Update - Download: 01_GTGT_TT80_268.xls                                   33534465Kb

26/12/2023 08:10:59: Log Auto Update - Download: 01_HKNN_TT80_265.xls                                   33796609Kb

26/12/2023 08:11:00: Log Auto Update - Download: 01_KTTSBD_TT80_251.xls                                 33907201Kb

26/12/2023 08:11:00: Log Auto Update - Download: 01_PBVMT_TT80_251.xls                                  34014721Kb

26/12/2023 08:11:02: Log Auto Update - Download: 01_QT_LNCL_TT80_251.xls                                34155521Kb

26/12/2023 08:11:03: Log Auto Update - Download: 01_TAIN_TT80_251.xls                                   34259969Kb

26/12/2023 08:11:04: Log Auto Update - Download: 01_TTDB_TT80_261.xls                                   34426881Kb

26/12/2023 08:11:06: Log Auto Update - Download: 01_TTS_TT40_253.xls                                    34672129Kb

26/12/2023 08:11:10: Log Auto Update - Download: 01_TTS_TT40_268.xls                                    35069441Kb

26/12/2023 08:11:13: Log Auto Update - Download: 01_XSBHDC_TT40_249.xls                                 35476993Kb

26/12/2023 08:11:15: Log Auto Update - Download: 02_GTGT_270.xls                                        35656193Kb

26/12/2023 08:11:16: Log Auto Update - Download: 02_GTGT_TT80_251.xls                                   35765249Kb

26/12/2023 08:11:17: Log Auto Update - Download: 02_PBVMT_TT80_251.xls                                  35940353Kb

26/12/2023 08:11:18: Log Auto Update - Download: 02_PBVMT_TT80_269.xls                                  36017153Kb

26/12/2023 08:11:19: Log Auto Update - Download: 02_PHLPNG_TT80_251.xls                                 36093953Kb

26/12/2023 08:11:20: Log Auto Update - Download: 02_PH_TT80_269.xls                                     36260353Kb

26/12/2023 08:11:21: Log Auto Update - Download: 02_QT_CNV_TT57_271.xls                                 36324353Kb

26/12/2023 08:11:22: Log Auto Update - Download: 02_QT_CPH_TT57_271.xls                                 36470273Kb

26/12/2023 08:11:23: Log Auto Update - Download: 02_QT_SXCDK_TT57_271.xls                               36625921Kb

26/12/2023 08:11:25: Log Auto Update - Download: 02_TAIN_TT80_251.xls                                   36768769Kb

26/12/2023 08:11:26: Log Auto Update - Download: 03_PTHU_DK_TT80_251.xls                                36873729Kb

26/12/2023 08:11:28: Log Auto Update - Download: 03_TNDN_TT80_251.xls                                   37090817Kb

26/12/2023 08:11:34: Log Auto Update - Download: 04_GTGT_TT80_268.xls                                   37872641Kb

26/12/2023 08:11:36: Log Auto Update - Download: 04_NCCNN_251.xls                                       38048257Kb

26/12/2023 08:11:37: Log Auto Update - Download: 04_TNDN_TT80_269.xls                                   38118913Kb

26/12/2023 08:11:38: Log Auto Update - Download: 05_DK_TH_TCT_101.xls                                   38271489Kb

26/12/2023 08:11:39: Log Auto Update - Download: 05_QTT_TNCN_TT80_251.xls                               38340609Kb

26/12/2023 08:11:40: Log Auto Update - Download: 06_TNCN_TT80_251.xls                                   38555649Kb

26/12/2023 08:11:43: Log Auto Update - Download: 107_B01_HCSN_BCTC_DD_235.xls                           38697985Kb

26/12/2023 08:11:44: Log Auto Update - Download: 107_B01_HCSN_BCTC_DG_235.xls                           38819841Kb

26/12/2023 08:11:45: Log Auto Update - Download: 133_B01A_DNN_BCTC_232.xls                              38922241Kb

26/12/2023 08:11:47: Log Auto Update - Download: 133_B01B_DNN_BCTC_232.xls                              39239169Kb

26/12/2023 08:11:50: Log Auto Update - Download: 133_B01_DNN_BCTC_KLT_232.xls                           39555585Kb

26/12/2023 08:11:51: Log Auto Update - Download: 20_TH_DK_TCT_101.xls                                   39690753Kb

26/12/2023 08:11:52: Log Auto Update - Download: 24_B01A_HTX_BCTC_235.xls                               39762945Kb

26/12/2023 08:11:55: Log Auto Update - Download: 24_B01B_HTX_BCTC_235.xls                               39986177Kb

26/12/2023 08:11:57: Log Auto Update - Download: 24_B01_HTX_BCTC_235.xls                                40210945Kb

26/12/2023 08:11:58: Log Auto Update - Download: 334_B01_CTCK_BCTC_234.xls                              40354305Kb

26/12/2023 08:12:00: Log Auto Update - Download: 334_B01_CTCK_BCTC_GND_234.xls                          40607745Kb

26/12/2023 08:12:03: Log Auto Update - Download: 334_B01_CTCK_BCTC_HN_234.xls                           40871425Kb

26/12/2023 08:12:04: Log Auto Update - Download: BangKe_01_2_TTS_TT40.xls                               41092097Kb

26/12/2023 08:12:09: Log Auto Update - Download: BangKe_04_NCCNN_TT80.xls                               43176961Kb

26/12/2023 08:12:09: Log Auto Update - Download: Bang_Ke_01_1_CCTT_TMDT.xls                             43251713Kb

26/12/2023 08:12:29: Log Auto Update - Download: Bang_Ke_01_2_CCTT_TMDT.xls                             51288065Kb

26/12/2023 08:12:30: Log Auto Update - Download: Bang_Ke_01_3_CCTT_TMDT.xls                             51329537Kb

26/12/2023 08:12:32: Log Auto Update - Download: Bang_Ke_01_CCTT_TMDT.xls                               51610625Kb

26/12/2023 08:12:33: Log Auto Update - Download: Bang_Ke_01_ND101_CNKD_TT40.xls                         51658753Kb

26/12/2023 08:12:33: Log Auto Update - Download: Bang_Ke_01_ND101_GTGT_TT80.xls                         51688961Kb

26/12/2023 08:12:33: Log Auto Update - Download: Bang_Ke_01_ND101_TTS_TT40.xls                          51717121Kb

26/12/2023 08:12:34: Log Auto Update - Download: Bang_Ke_01_SHTK.xls                                    51745281Kb

26/12/2023 08:12:37: Log Auto Update - Download: Bang_Ke_02_1_PHLPNG_TT80.xls                           52197889Kb

26/12/2023 08:12:38: Log Auto Update - Download: Bang_Ke_04_ND101_GTGT_TT80.xls                         52310017Kb

26/12/2023 08:12:39: Log Auto Update - Download: Bang_Ke_05DK_TH.xls                                    52338689Kb

26/12/2023 08:12:56: Log Auto Update - Download: Bang_Ke_05_3_QTT.xls                                   60426753Kb

26/12/2023 08:13:12: Log Auto Update - Download: Bang_Ke_06_1_TNCN_TT80.xls                             68470273Kb

26/12/2023 08:13:12: Log Auto Update - Download: Bang_Ke_16TH_DangKyCapMa.xls                           68514817Kb

26/12/2023 08:13:26: Log Auto Update - Download: Bang_Ke_20TH_DangKyCapMa.xls                           76535809Kb

26/12/2023 08:13:39: Log Auto Update - Download: Catalogue_BVMT_092019.xls                              84600833Kb

26/12/2023 08:13:40: Log Auto Update - Download: Catalogue_PHLPNG_012022.xls                            84627457Kb

26/12/2023 08:13:40: Log Auto Update - Download: Catalogue_PHLP_012024.xls                              84655105Kb

26/12/2023 08:13:42: Log Auto Update - Download: Catalogue_PHLP_072023.xls                              84816897Kb

26/12/2023 08:13:43: Log Auto Update - Download: DK_Ma_du_an_DT_100.xls                                 85041153Kb

26/12/2023 08:13:44: Log Auto Update - Download: Giay_GHNT_ND12_266.xls                                 85081601Kb

26/12/2023 08:13:45: Log Auto Update - Download: KHBS_TT80_265.xls                                      85164545Kb

26/12/2023 08:13:46: Log Auto Update - Download: KHBS_TT80_268.xls                                      85288961Kb

26/12/2023 08:13:48: Log Auto Update - Download: KHBS_TT80_269.xls                                      85413377Kb

26/12/2023 08:13:49: Log Auto Update - Download: KHBS_TT80_271.xls                                      85537793Kb

26/12/2023 08:13:50: Log Auto Update - Download: KHBS_TT80_DVT_269.xls                                  85662209Kb

26/12/2023 08:13:51: Log Auto Update - Download: 01A_DNHT_267.xsd                                       85790721Kb

26/12/2023 08:13:51: Log Auto Update - Download: 01_CLVCSH_VDL_TT57_271.xsd                             85813243Kb

26/12/2023 08:13:52: Log Auto Update - Download: 01_CNKD_TT40_268.xsd                                   85814679Kb

26/12/2023 08:13:53: Log Auto Update - Download: 01_CNV_TT57_271.xsd                                    85875462Kb

26/12/2023 08:13:53: Log Auto Update - Download: 01_CPH_TT57_271.xsd                                    85880313Kb

26/12/2023 08:13:53: Log Auto Update - Download: 01_GTGT_TT80_268.xsd                                   85885632Kb

26/12/2023 08:13:54: Log Auto Update - Download: 01_HKNN_TT80_265.xsd                                   85932789Kb

26/12/2023 08:13:54: Log Auto Update - Download: 01_TTS_TT40_268.xsd                                    85952332Kb

26/12/2023 08:13:54: Log Auto Update - Download: 02_GTGT_270.xsd                                        86000128Kb

26/12/2023 08:13:55: Log Auto Update - Download: 02_PBVMT_TT80_269.xsd                                  86011249Kb

26/12/2023 08:13:55: Log Auto Update - Download: 02_PH_TT80_269.xsd                                     86020280Kb

26/12/2023 08:13:55: Log Auto Update - Download: 02_QT_CNV_TT57_271.xsd                                 86026743Kb

26/12/2023 08:13:55: Log Auto Update - Download: 02_QT_CPH_TT57_271.xsd                                 86031236Kb

26/12/2023 08:13:55: Log Auto Update - Download: 02_QT_SXCDK_TT57_271.xsd                               86035866Kb

26/12/2023 08:13:55: Log Auto Update - Download: 04_GTGT_TT80_268.xsd                                   86038059Kb

26/12/2023 08:13:55: Log Auto Update - Download: 04_TNDN_TT80_269.xsd                                   86054552Kb

26/12/2023 08:13:55: Log Auto Update - Download: Giay_GHNT_ND12_266.xsd                                 86062410Kb

26/12/2023 08:13:56: Log Auto Update - Download: KHBS_01_CLVCSH_VDL_TT57_271.xsd                        86086385Kb

26/12/2023 08:13:56: Log Auto Update - Download: KHBS_01_CNKD_TT40_268.xsd                              86124512Kb

26/12/2023 08:13:57: Log Auto Update - Download: KHBS_01_CNV_TT57_271.xsd                               86221779Kb

26/12/2023 08:13:57: Log Auto Update - Download: KHBS_01_CPH_TT57_271.xsd                               86263321Kb

26/12/2023 08:13:58: Log Auto Update - Download: KHBS_01_GTGT_TT80_268.xsd                              86305331Kb

26/12/2023 08:13:59: Log Auto Update - Download: KHBS_01_HKNN_TT80_265.xsd                              86388975Kb

26/12/2023 08:13:59: Log Auto Update - Download: KHBS_01_TTS_TT40_268.xsd                               86444996Kb

26/12/2023 08:14:00: Log Auto Update - Download: KHBS_02_GTGT_270.xsd                                   86529276Kb

26/12/2023 08:14:00: Log Auto Update - Download: KHBS_02_PBVMT_TT80_269.xsd                             86547234Kb

26/12/2023 08:14:01: Log Auto Update - Download: KHBS_02_PH_TT80_269.xsd                                86592956Kb

26/12/2023 08:14:02: Log Auto Update - Download: KHBS_02_QT_CNV_TT57_271.xsd                            86647470Kb

26/12/2023 08:14:02: Log Auto Update - Download: KHBS_02_QT_CPH_TT57_271.xsd                            86688654Kb

26/12/2023 08:14:03: Log Auto Update - Download: KHBS_02_QT_SXCDK_TT57_271.xsd                          86729975Kb

26/12/2023 08:14:03: Log Auto Update - Download: KHBS_04_GTGT_TT80_268.xsd                              86768859Kb

26/12/2023 08:14:04: Log Auto Update - Download: KHBS_04_TNDN_TT80_269.xsd                              86821839Kb

26/12/2023 08:14:04: Log Auto Update - Download: 01A_DNHT_267.xml                                       86866183Kb

26/12/2023 08:14:05: Log Auto Update - Download: 01A_DNHT_xml_267.xml                                   86907591Kb

26/12/2023 08:14:05: Log Auto Update - Download: 01_1_CCTT_TMDT_TT80_260.xml                            86910976Kb

26/12/2023 08:14:05: Log Auto Update - Download: 01_1_CNKD_TT40_268.xml                                 86934922Kb

26/12/2023 08:14:05: Log Auto Update - Download: 01_1_CNKD_TT40_xml_268.xml                             86943110Kb

26/12/2023 08:14:05: Log Auto Update - Download: 01_1_HKNN_TT80_265.xml                                 86943364Kb

26/12/2023 08:14:05: Log Auto Update - Download: 01_1_HKNN_TT80_xml_265.xml                             86951798Kb

26/12/2023 08:14:06: Log Auto Update - Download: 01_1_QT_LNCL_TT80_251.xml                              86952157Kb

26/12/2023 08:14:06: Log Auto Update - Download: 01_1_TTS_TT40_268.xml                                  86973891Kb

26/12/2023 08:14:06: Log Auto Update - Download: 01_1_TTS_TT40_xml_268.xml                              86989137Kb

26/12/2023 08:14:06: Log Auto Update - Download: 01_1_XSBHDC_TT40_249.xml                               86989619Kb

26/12/2023 08:14:06: Log Auto Update - Download: 01_2_CCTT_TMDT_TT80_260.xml                            87010557Kb

26/12/2023 08:14:07: Log Auto Update - Download: 01_2_CNKD_TT40_268.xml                                 87014453Kb

26/12/2023 08:14:07: Log Auto Update - Download: 01_2_CNKD_TT40_xml_268.xml                             87026089Kb

26/12/2023 08:14:07: Log Auto Update - Download: 01_2_GTGT_TT80_251.xml                                 87026544Kb

26/12/2023 08:14:07: Log Auto Update - Download: 01_2_GTGT_TT80_268.xml                                 87038438Kb

26/12/2023 08:14:07: Log Auto Update - Download: 01_2_GTGT_TT80_xml_268.xml                             87050332Kb

26/12/2023 08:14:07: Log Auto Update - Download: 01_2_HKNN_TT80_265.xml                                 87050753Kb

26/12/2023 08:14:08: Log Auto Update - Download: 01_2_HKNN_TT80_xml_265.xml                             87061525Kb

26/12/2023 08:14:08: Log Auto Update - Download: 01_2_TTS_TT40_253.xml                                  87061938Kb

26/12/2023 08:14:08: Log Auto Update - Download: 01_2_TTS_TT40_268.xml                                  87079270Kb

26/12/2023 08:14:08: Log Auto Update - Download: 01_2_TTS_TT40_xml_268.xml                              87096602Kb

26/12/2023 08:14:09: Log Auto Update - Download: 01_3_CCTT_TMDT_TT80_260.xml                            87097106Kb

26/12/2023 08:14:09: Log Auto Update - Download: 01_3_CNKD_TT40_268.xml                                 87105920Kb

26/12/2023 08:14:09: Log Auto Update - Download: 01_3_CNKD_TT40_xml_268.xml                             87111936Kb

26/12/2023 08:14:09: Log Auto Update - Download: 01_3_GTGT_TT80_251.xml                                 87112205Kb

26/12/2023 08:14:09: Log Auto Update - Download: 01_3_GTGT_TT80_268.xml                                 87124415Kb

26/12/2023 08:14:09: Log Auto Update - Download: 01_3_GTGT_TT80_xml_268.xml                             87136625Kb

26/12/2023 08:14:09: Log Auto Update - Download: 01_3_TTDB_TT80_261.xml                                 87137019Kb

26/12/2023 08:14:10: Log Auto Update - Download: 01_3_TTS_TT40_268.xml                                  87150369Kb

26/12/2023 08:14:10: Log Auto Update - Download: 01_3_TTS_TT40_xml_268.xml                              87155889Kb

26/12/2023 08:14:10: Log Auto Update - Download: 01_4_CNKD_TT40_268.xml                                 87156119Kb

26/12/2023 08:14:10: Log Auto Update - Download: 01_4_CNKD_TT40_xml_268.xml                             87161697Kb

26/12/2023 08:14:10: Log Auto Update - Download: 01_4_TTS_TT40_268.xml                                  87161929Kb

26/12/2023 08:14:10: Log Auto Update - Download: 01_4_TTS_TT40_xml_268.xml                              87167455Kb

26/12/2023 08:14:11: Log Auto Update - Download: 01_6_GTGT_262.xml                                      87167687Kb

26/12/2023 08:14:11: Log Auto Update - Download: 01_6_GTGT_CSSX_TT80_251.xml                            87179823Kb

26/12/2023 08:14:11: Log Auto Update - Download: 01_6_GTGT_CSSX_TT80_268.xml                            87197553Kb

26/12/2023 08:14:11: Log Auto Update - Download: 01_6_GTGT_CSSX_TT80_xml_268.xml                        87215283Kb

26/12/2023 08:14:11: Log Auto Update - Download: 01_6_GTGT_DVVT_TT80_251.xml                            87215845Kb

26/12/2023 08:14:11: Log Auto Update - Download: 01_6_GTGT_DVVT_TT80_268.xml                            87230951Kb

26/12/2023 08:14:12: Log Auto Update - Download: 01_6_GTGT_DVVT_TT80_xml_268.xml                        87246057Kb

26/12/2023 08:14:12: Log Auto Update - Download: 01_8_MGT_GTGT_TT80_251.xml                             87246619Kb

26/12/2023 08:14:12: Log Auto Update - Download: 01_8_MGT_GTGT_TT80_268.xml                             87252089Kb

26/12/2023 08:14:12: Log Auto Update - Download: 01_8_MGT_GTGT_TT80_xml_268.xml                         87257559Kb

26/12/2023 08:14:12: Log Auto Update - Download: 01_9_MGT_GTGT_TT80_268.xml                             87257795Kb

26/12/2023 08:14:12: Log Auto Update - Download: 01_9_MGT_GTGT_TT80_xml_268.xml                         87263659Kb

26/12/2023 08:14:12: Log Auto Update - Download: 01_CCTT_TMDT_TT80_260.xml                              87263921Kb

26/12/2023 08:14:13: Log Auto Update - Download: 01_CLVCSH_VDL_TT57_271.xml                             87275681Kb

26/12/2023 08:14:13: Log Auto Update - Download: 01_CLVCSH_VDL_TT57_xml_271.xml                         87279191Kb

26/12/2023 08:14:13: Log Auto Update - Download: 01_CNKD_TT40_253.xml                                   87280680Kb

26/12/2023 08:14:14: Log Auto Update - Download: 01_CNKD_TT40_268.xml                                   87372538Kb

26/12/2023 08:14:15: Log Auto Update - Download: 01_CNKD_TT40_xml_268.xml                               87464392Kb

26/12/2023 08:14:15: Log Auto Update - Download: 01_CNV_TT57_271.xml                                    87469867Kb

26/12/2023 08:14:15: Log Auto Update - Download: 01_CNV_TT57_xml_271.xml                                87476933Kb

26/12/2023 08:14:15: Log Auto Update - Download: 01_CPH_TT57_271.xml                                    87478708Kb

26/12/2023 08:14:16: Log Auto Update - Download: 01_CPH_TT57_xml_271.xml                                87487392Kb

26/12/2023 08:14:16: Log Auto Update - Download: 01_DNHUY_TT80_252.xml                                  87489120Kb

26/12/2023 08:14:16: Log Auto Update - Download: 01_GTGT_TT80_251.xml                                   87498590Kb

26/12/2023 08:14:16: Log Auto Update - Download: 01_GTGT_TT80_268.xml                                   87521038Kb

26/12/2023 08:14:16: Log Auto Update - Download: 01_GTGT_TT80_xml_268.xml                               87543486Kb

26/12/2023 08:14:17: Log Auto Update - Download: 01_HKNN_TT80_265.xml                                   87545992Kb

26/12/2023 08:14:17: Log Auto Update - Download: 01_HKNN_TT80_xml_265.xml                               87561206Kb

26/12/2023 08:14:17: Log Auto Update - Download: 01_PHLPNG_TT80_251.xml                                 87563182Kb

26/12/2023 08:14:17: Log Auto Update - Download: 01_SHTK_216.xml                                        87573960Kb

26/12/2023 08:14:17: Log Auto Update - Download: 01_TAIN_TT80_251.xml                                   87585542Kb

26/12/2023 08:14:18: Log Auto Update - Download: 01_TTS_TT40_268.xml                                    87620680Kb

26/12/2023 08:14:18: Log Auto Update - Download: 01_TTS_TT40_xml_268.xml                                87671818Kb

26/12/2023 08:14:18: Log Auto Update - Download: 02-1_PHLPNG_TT80_251.xml                               87675342Kb

26/12/2023 08:14:19: Log Auto Update - Download: 02_1_PHLPNG_TT80_251.xml                               87688718Kb

26/12/2023 08:14:19: Log Auto Update - Download: 02_1_TAIN_TT80_251.xml                                 87701680Kb

26/12/2023 08:14:19: Log Auto Update - Download: 02_GTGT_270.xml                                        87715882Kb

26/12/2023 08:14:20: Log Auto Update - Download: 02_GTGT_TT80_251.xml                                   87733066Kb

26/12/2023 08:14:20: Log Auto Update - Download: 02_GTGT_xml_270.xml                                    87750906Kb

26/12/2023 08:14:20: Log Auto Update - Download: 02_KK_TNCN_TT80_251.xml                                87753229Kb

26/12/2023 08:14:20: Log Auto Update - Download: 02_PBVMT_TT80_269.xml                                  87768169Kb

26/12/2023 08:14:21: Log Auto Update - Download: 02_PBVMT_TT80_xml_269.xml                              87789457Kb

26/12/2023 08:14:21: Log Auto Update - Download: 02_PHLPNG_TT80_251.xml                                 87792093Kb

26/12/2023 08:14:21: Log Auto Update - Download: 02_PH_TT80_269.xml                                     87804159Kb

26/12/2023 08:14:22: Log Auto Update - Download: 02_PH_TT80_xml_269.xml                                 87817013Kb

26/12/2023 08:14:22: Log Auto Update - Download: 02_QT_CNV_TT57_271.xml                                 87819087Kb

26/12/2023 08:14:22: Log Auto Update - Download: 02_QT_CNV_TT57_xml_271.xml                             87826091Kb

26/12/2023 08:14:22: Log Auto Update - Download: 02_QT_CPH_TT57_271.xml                                 87827772Kb

26/12/2023 08:14:22: Log Auto Update - Download: 02_QT_CPH_TT57_xml_271.xml                             87835632Kb

26/12/2023 08:14:23: Log Auto Update - Download: 02_QT_SXCDK_TT57_271.xml                               87837333Kb

26/12/2023 08:14:23: Log Auto Update - Download: 02_QT_SXCDK_TT57_xml_271.xml                           87841805Kb

26/12/2023 08:14:23: Log Auto Update - Download: 02_TAIN_TT80_251.xml                                   87843358Kb

26/12/2023 08:14:24: Log Auto Update - Download: 02_TNDN_TT80_251.xml                                   87874980Kb

26/12/2023 08:14:24: Log Auto Update - Download: 03_01_ND132_TNDN_262.xml                               87894978Kb

26/12/2023 08:14:27: Log Auto Update - Download: 03_01_ND132_TNDN_TT80_251.xml                          88126468Kb

26/12/2023 08:14:31: Log Auto Update - Download: 03_1A_TNDN_TT80_251.xml                                88357988Kb

26/12/2023 08:14:31: Log Auto Update - Download: 03_1B_TNDN_TT80_251.xml                                88366074Kb

26/12/2023 08:14:31: Log Auto Update - Download: 03_1C_TNDN_TT80_251.xml                                88372986Kb

26/12/2023 08:14:31: Log Auto Update - Download: 03_2_TNDN_TT80_251.xml                                 88394596Kb

26/12/2023 08:14:32: Log Auto Update - Download: 03_3A_TNDN_TT80_251.xml                                88419692Kb

26/12/2023 08:14:32: Log Auto Update - Download: 03_3B_TNDN_TT80_251.xml                                88443940Kb

26/12/2023 08:14:32: Log Auto Update - Download: 03_3C_TNDN_TT80_251.xml                                88467690Kb

26/12/2023 08:14:32: Log Auto Update - Download: 03_3D_TNDN_TT80_251.xml                                88484342Kb

26/12/2023 08:14:33: Log Auto Update - Download: 03_4_TNDN_TT80_251.xml                                 88510024Kb

26/12/2023 08:14:33: Log Auto Update - Download: 03_6_TNDN_TT80_251.xml                                 88515360Kb

26/12/2023 08:14:33: Log Auto Update - Download: 03_8A_TNDN_TT80_251.xml                                88530522Kb

26/12/2023 08:14:34: Log Auto Update - Download: 03_8B_TNDN_TT80_251.xml                                88542042Kb

26/12/2023 08:14:34: Log Auto Update - Download: 03_8C_TNDN_TT80_251.xml                                88553966Kb

26/12/2023 08:14:34: Log Auto Update - Download: 03_8_TNDN_TT80_251.xml                                 88570912Kb

26/12/2023 08:14:34: Log Auto Update - Download: 03_9_TNDN_TT80_251.xml                                 88583042Kb

26/12/2023 08:14:35: Log Auto Update - Download: 03_GTGT_TT80_251.xml                                   88608316Kb

26/12/2023 08:14:35: Log Auto Update - Download: 03_TNDN_TT80_251.xml                                   88616130Kb

26/12/2023 08:14:35: Log Auto Update - Download: 04_1_DTV_TNCN_251.xml                                  88661248Kb

26/12/2023 08:14:35: Log Auto Update - Download: 04_1_MGT_GTGT_TT80_268.xml                             88687988Kb

26/12/2023 08:14:36: Log Auto Update - Download: 04_1_MGT_GTGT_TT80_xml_268.xml                         88693466Kb

26/12/2023 08:14:36: Log Auto Update - Download: 04_2_MGT_GTGT_TT80_268.xml                             88693702Kb

26/12/2023 08:14:36: Log Auto Update - Download: 04_2_MGT_GTGT_TT80_xml_268.xml                         88699194Kb

26/12/2023 08:14:36: Log Auto Update - Download: 04_2_MGT_TNDN_TT80_251.xml                             88699456Kb

26/12/2023 08:14:36: Log Auto Update - Download: 04_2_MGT_TNDN_TT80_269.xml                             88702690Kb

26/12/2023 08:14:36: Log Auto Update - Download: 04_2_MGT_TNDN_TT80_xml_269.xml                         88705924Kb

26/12/2023 08:14:36: Log Auto Update - Download: 04_CNV_TNCN_251.xml                                    88706033Kb

26/12/2023 08:14:37: Log Auto Update - Download: 04_DTV_TNCN_251.xml                                    88730671Kb

26/12/2023 08:14:37: Log Auto Update - Download: 04_GTGT_TT80_251.xml                                   88761505Kb

26/12/2023 08:14:37: Log Auto Update - Download: 04_GTGT_TT80_268.xml                                   88781487Kb

26/12/2023 08:14:37: Log Auto Update - Download: 04_GTGT_TT80_xml_268.xml                               88801469Kb

26/12/2023 08:14:37: Log Auto Update - Download: 04_NCCNN_251.xml                                       88803895Kb

26/12/2023 08:14:38: Log Auto Update - Download: 04_NNG_TNCN_251.xml                                    88809481Kb

26/12/2023 08:14:38: Log Auto Update - Download: 04_TKQT_TNCN_251.xml                                   88829429Kb

26/12/2023 08:14:38: Log Auto Update - Download: 04_TNDN_TT80_251.xml                                   88853547Kb

26/12/2023 08:14:38: Log Auto Update - Download: 04_TNDN_TT80_269.xml                                   88867775Kb

26/12/2023 08:14:39: Log Auto Update - Download: 04_TNDN_TT80_xml_269.xml                               88881967Kb

26/12/2023 08:14:39: Log Auto Update - Download: 05_1_QTT_TNCN_TT80_251.xml                             88883733Kb

26/12/2023 08:14:39: Log Auto Update - Download: 05_2_QTT_TNCN_TT80_251.xml                             88901839Kb

26/12/2023 08:14:39: Log Auto Update - Download: 05_3_QTT_TNCN_TT80_251.xml                             88911307Kb

26/12/2023 08:14:39: Log Auto Update - Download: 05_GTGT_TT80_251.xml                                   88918707Kb

26/12/2023 08:14:39: Log Auto Update - Download: 05_QTT_TNCN_TT80_251.xml                               88935453Kb

26/12/2023 08:14:40: Log Auto Update - Download: 05_TNDN_TT80_251.xml                                   88951651Kb

26/12/2023 08:14:40: Log Auto Update - Download: 06_1_TNCN_TT80_251.xml                                 88966165Kb

26/12/2023 08:14:40: Log Auto Update - Download: 06_TNDN_TT80_251.xml                                   89008061Kb

26/12/2023 08:14:41: Log Auto Update - Download: 334_B01_05_THBDV_234.xml                               89028791Kb

26/12/2023 08:14:41: Log Auto Update - Download: DK_Ma_du_an_DT_100.xml                                 89108127Kb

26/12/2023 08:14:41: Log Auto Update - Download: Giay_GHNT_ND12_266.xml                                 89117673Kb

26/12/2023 08:14:42: Log Auto Update - Download: Giay_GHNT_ND12_xml_266.xml                             89154723Kb

26/12/2023 08:14:42: Log Auto Update - Download: KHBS_01_1_TT80_249.xml                                 89157789Kb

26/12/2023 08:14:42: Log Auto Update - Download: KHBS_01_1_TT80_251.xml                                 89177677Kb

26/12/2023 08:14:42: Log Auto Update - Download: KHBS_01_1_TT80_253.xml                                 89197565Kb

26/12/2023 08:14:43: Log Auto Update - Download: KHBS_01_1_TT80_261.xml                                 89217453Kb

26/12/2023 08:14:43: Log Auto Update - Download: KHBS_01_1_TT80_262.xml                                 89237341Kb

26/12/2023 08:14:43: Log Auto Update - Download: KHBS_01_1_TT80_265.xml                                 89257229Kb

26/12/2023 08:14:43: Log Auto Update - Download: KHBS_01_1_TT80_268.xml                                 89277117Kb

26/12/2023 08:14:44: Log Auto Update - Download: KHBS_01_1_TT80_269.xml                                 89297005Kb

26/12/2023 08:14:44: Log Auto Update - Download: KHBS_01_1_TT80_271.xml                                 89316893Kb

26/12/2023 08:14:44: Log Auto Update - Download: KHBS_01_1_TT80_DVT_251.xml                             89336781Kb

26/12/2023 08:14:44: Log Auto Update - Download: KHBS_01_1_TT80_DVT_269.xml                             89362551Kb

26/12/2023 08:14:45: Log Auto Update - Download: KHBS_01_TT80_265.xml                                   89388321Kb

26/12/2023 08:14:45: Log Auto Update - Download: KHBS_01_TT80_268.xml                                   89419551Kb

26/12/2023 08:14:46: Log Auto Update - Download: KHBS_01_TT80_269.xml                                   89450419Kb

26/12/2023 08:14:46: Log Auto Update - Download: KHBS_01_TT80_271.xml                                   89481287Kb

26/12/2023 08:14:46: Log Auto Update - Download: KHBS_01_TT80_DVT_269.xml                               89512155Kb

26/12/2023 08:14:47: Log Auto Update - Download: KHBS_02_GTGT_270.xml                                   89555517Kb

26/12/2023 08:14:47: Log Auto Update - Download: 01A_DNHT_267.xls                                       89569837Kb

26/12/2023 08:14:48: Log Auto Update - Download: 01_CCTT_TMDT_TT80_260.xls                              89651245Kb

26/12/2023 08:14:49: Log Auto Update - Download: 01_CLVCSH_VDL_TT57_271.xls                             89757741Kb

26/12/2023 08:14:50: Log Auto Update - Download: 01_CNKD_TT40_268.xls                                   89911853Kb

26/12/2023 08:14:53: Log Auto Update - Download: 01_CNV_TT57_271.xls                                    90188333Kb

26/12/2023 08:14:54: Log Auto Update - Download: 01_CPH_TT57_271.xls                                    90343981Kb

26/12/2023 08:14:55: Log Auto Update - Download: 01_DK_TDKTT_TT80_251.xls                               90501165Kb

26/12/2023 08:14:56: Log Auto Update - Download: 01_DNHT_252.xls                                        90544173Kb

26/12/2023 08:14:57: Log Auto Update - Download: 01_GTGT_TT80_268.xls                                   90625069Kb

26/12/2023 08:14:59: Log Auto Update - Download: 01_HKNN_TT80_265.xls                                   90906157Kb

26/12/2023 08:15:01: Log Auto Update - Download: 01_TTS_TT40_268.xls                                    91124781Kb

26/12/2023 08:15:03: Log Auto Update - Download: 02_GTGT_270.xls                                        91385901Kb

26/12/2023 08:15:04: Log Auto Update - Download: 02_PBVMT_TT80_269.xls                                  91492397Kb

26/12/2023 08:15:05: Log Auto Update - Download: 02_PH_TT80_269.xls                                     91548205Kb

26/12/2023 08:15:06: Log Auto Update - Download: 02_QT_CNV_TT57_271.xls                                 91595821Kb

26/12/2023 08:15:07: Log Auto Update - Download: 02_QT_CPH_TT57_271.xls                                 91752493Kb

26/12/2023 08:15:08: Log Auto Update - Download: 02_QT_SXCDK_TT57_271.xls                               91909165Kb

26/12/2023 08:15:10: Log Auto Update - Download: 02_XD_PNTT_TT80_251.xls                                92064301Kb

26/12/2023 08:15:11: Log Auto Update - Download: 03_PTHU_DK_TT80_251.xls                                92201517Kb

26/12/2023 08:15:12: Log Auto Update - Download: 04_GTGT_TT80_268.xls                                   92342829Kb

26/12/2023 08:15:14: Log Auto Update - Download: 04_TNDN_TT80_269.xls                                   92523053Kb

26/12/2023 08:15:15: Log Auto Update - Download: 05_DK_TH_TCT_101.xls                                   92715053Kb

26/12/2023 08:15:16: Log Auto Update - Download: 05_QTT_TNCN_TT80_251.xls                               92774957Kb

26/12/2023 08:15:18: Log Auto Update - Download: 06_TNCN_TT80_251.xls                                   92969005Kb

26/12/2023 08:15:21: Log Auto Update - Download: 20_TH_DK_TCT_101.xls                                   93170221Kb

26/12/2023 08:15:22: Log Auto Update - Download: DK_Ma_du_an_DT_100.xls                                 93219885Kb

26/12/2023 08:15:23: Log Auto Update - Download: Giay_GHNT_ND12_266.xls                                 93257261Kb

26/12/2023 08:15:24: Log Auto Update - Download: KHBS_TT80_249.xls                                      93328429Kb

26/12/2023 08:15:25: Log Auto Update - Download: KHBS_TT80_251.xls                                      93468205Kb

26/12/2023 08:15:27: Log Auto Update - Download: KHBS_TT80_253.xls                                      93628973Kb

26/12/2023 08:15:28: Log Auto Update - Download: KHBS_TT80_261.xls                                      93769261Kb

26/12/2023 08:15:29: Log Auto Update - Download: KHBS_TT80_262.xls                                      93909549Kb

26/12/2023 08:15:30: Log Auto Update - Download: KHBS_TT80_265.xls                                      94049837Kb

26/12/2023 08:15:32: Log Auto Update - Download: KHBS_TT80_268.xls                                      94190125Kb

26/12/2023 08:15:33: Log Auto Update - Download: KHBS_TT80_269.xls                                      94330413Kb

26/12/2023 08:15:34: Log Auto Update - Download: KHBS_TT80_271.xls                                      94470701Kb

26/12/2023 08:15:35: Log Auto Update - Download: KHBS_TT80_DVT_269.xls                                  94610989Kb

26/12/2023 08:15:37: Log Auto Update - Download: Version5.0.1.txt                                       94763565Kb

26/12/2023 08:15:37: Log Auto Update - Download: Version5.0.2.txt                                       94764877Kb

26/12/2023 08:15:37: Log Auto Update - Download: Version5.0.3.txt                                       94767657Kb

26/12/2023 08:15:37: Log Auto Update - Download: Version5.0.4.txt                                       94768249Kb

26/12/2023 08:15:37: Log Auto Update - Download: Version5.0.5.txt                                       94774229Kb

26/12/2023 08:15:37: Log Auto Update - Download: Version5.0.6.txt                                       94775949Kb

26/12/2023 08:15:37: Log Auto Update - Download: Version5.0.7.txt                                       94776859Kb

26/12/2023 08:15:37: Log Auto Update - Download: Version5.0.8.txt                                       94779335Kb

26/12/2023 08:15:37: Log Auto Update - Download: Version5.0.9.txt                                       94780346Kb

26/12/2023 08:15:38: Log Auto Update - Download: Version5.1.0.txt                                       94781420Kb

26/12/2023 08:15:38: Log Auto Update - Download: Version5.1.1.txt                                       94782657Kb

26/12/2023 08:15:38: Log Auto Update - Download: Version5.1.2.txt                                       94784137Kb

26/12/2023 08:15:38: Log Auto Update - Download: Version5.1.3.txt                                       94785412Kb
