
30/01/2023 16:11:43: Log Auto Update - Download: Catalogue_032022_02.xml                                       0Kb

30/01/2023 16:11:46: Log Auto Update - Download: Catalogue_032027_01.xml                                   33669Kb

30/01/2023 16:11:54: Log Auto Update - Download: Catalogue_032027_02.xml                                  450760Kb

30/01/2023 16:11:56: Log Auto Update - Download: Catalogue_112022_01.xml                                  484431Kb

30/01/2023 16:12:00: Log Auto Update - Download: Catalogue_112022_02.xml                                  901522Kb

30/01/2023 16:12:00: Log Auto Update - Download: Catalogue_Dia_Ban_Huyen.xml                              935191Kb

30/01/2023 16:12:01: Log Auto Update - Download: Catalogue_Dia_Ban_Huyen_707.xml                          979859Kb

30/01/2023 16:12:01: Log Auto Update - Download: Catalogue_Dia_Ban_Xa.xml                                 980680Kb

30/01/2023 16:12:10: Log Auto Update - Download: Catalogue_Dia_Ban_Xa_203.xml                            1791254Kb

30/01/2023 16:12:11: Log Auto Update - Download: Catalogue_Dia_Ban_Xa_707.xml                            1807854Kb

30/01/2023 16:12:11: Log Auto Update - Download: Catalogue_Dia_Ban_Xa_807.xml                            1816329Kb

30/01/2023 16:12:14: Log Auto Update - Download: Catalogue_Dia_Ban_Xa_817.xml                            1828542Kb

30/01/2023 16:12:14: Log Auto Update - Download: Catalogue_DM_NNKD.xml                                   1836016Kb

30/01/2023 16:12:14: Log Auto Update - Download: Catalogue_DM_thue_BVMT_012023.xml                       1845120Kb

30/01/2023 16:12:15: Log Auto Update - Download: Catalogue_DM_thue_BVMT_012024.xml                       1847684Kb

30/01/2023 16:12:15: Log Auto Update - Download: Catalogue_DM_thue_BVMT_072022.xml                       1850249Kb

30/01/2023 16:12:15: Log Auto Update - Download: Catalogue_DM_thue_BVMT_092020.xml                       1852803Kb

30/01/2023 16:12:15: Log Auto Update - Download: Catalogue_PHLP_012020_01.xml                            1855363Kb

30/01/2023 16:12:16: Log Auto Update - Download: Catalogue_PHLP_012021_01.xml                            1890961Kb

30/01/2023 16:12:22: Log Auto Update - Download: Catalogue_Tinh_Thanh.xml                                1925957Kb

30/01/2023 16:12:24: Log Auto Update - Download: ConvertVersion.xml                                      2009199Kb

30/01/2023 16:12:24: Log Auto Update - Download: DM_DUNG_CHUNG.xml                                       2014618Kb

30/01/2023 16:12:24: Log Auto Update - Download: DM_MAP_MAHH_MA_TM.xml                                   2044118Kb

30/01/2023 16:12:25: Log Auto Update - Download: DM_NganHang.xml                                         2088240Kb

30/01/2023 16:12:25: Log Auto Update - Download: DM_NganhCoDoanhThuCao.xml                               2097571Kb

30/01/2023 16:12:25: Log Auto Update - Download: DM_TruongHopQuyetToan.xml                               2106053Kb

30/01/2023 16:12:26: Log Auto Update - Download: TKhaiThue.xsd                                           2116615Kb

30/01/2023 16:12:26: Log Auto Update - Download: Button.xml                                              2134280Kb

30/01/2023 16:12:26: Log Auto Update - Download: ConvertDataCommon.xml                                   2161471Kb

30/01/2023 16:12:27: Log Auto Update - Download: CreateDataFileKHBSMiss.xml                              2172327Kb

30/01/2023 16:12:27: Log Auto Update - Download: HTKK.exe                                                2173770Kb

30/01/2023 16:12:52: Log Auto Update - Download: HTKK.exe.config                                         4990794Kb

30/01/2023 16:12:52: Log Auto Update - Download: HTKK.pdb                                                4993004Kb

30/01/2023 16:13:08: Log Auto Update - Download: Interop.TBARCODE5Lib.dll                                7050732Kb

30/01/2023 16:13:10: Log Auto Update - Download: Map.xml                                                 7108076Kb

30/01/2023 16:13:12: Log Auto Update - Download: MapMCT.xml                                              7213592Kb

30/01/2023 16:13:18: Log Auto Update - Download: MapMCT_TieuMuc.xml                                      7793571Kb

30/01/2023 16:13:19: Log Auto Update - Download: Menu.xml                                                7820882Kb

30/01/2023 16:13:23: Log Auto Update - Download: Message.xml                                             8084579Kb

30/01/2023 16:13:23: Log Auto Update - Download: TAX.HTKK.Business.dll                                   8147096Kb

30/01/2023 16:13:48: Log Auto Update - Download: TAX.HTKK.Business.pdb                                  12062872Kb

30/01/2023 16:15:32: Log Auto Update - Download: TAX.HTKK.Utilities.dll                                 20168344Kb

30/01/2023 16:15:38: Log Auto Update - Download: TAX.HTKK.Utilities.pdb                                 21482648Kb

30/01/2023 16:15:46: Log Auto Update - Download: 01_CCTT_TMDT_TT80_260.xls                              22035096Kb

30/01/2023 16:15:47: Log Auto Update - Download: 01_CNKD_250.xls                                        22133912Kb

30/01/2023 16:15:48: Log Auto Update - Download: 01_CNKD_TT40_253.xls                                   22254744Kb

30/01/2023 16:15:51: Log Auto Update - Download: 01_DNHUY_TT80_252.xls                                  22530712Kb

30/01/2023 16:15:52: Log Auto Update - Download: 01_DNXLNT_264.xls                                      22592664Kb

30/01/2023 16:15:53: Log Auto Update - Download: 01_GTGT_250.xls                                        22757528Kb

30/01/2023 16:15:55: Log Auto Update - Download: 01_GTGT_262.xls                                        22903960Kb

30/01/2023 16:16:00: Log Auto Update - Download: 01_GTGT_TT80_251.xls                                   23055512Kb

30/01/2023 16:16:12: Log Auto Update - Download: 01_GTGT_VIEW_250.xls                                   23311000Kb

30/01/2023 16:16:14: Log Auto Update - Download: 01_HKNN_TT80_251.xls                                   23467672Kb

30/01/2023 16:16:14: Log Auto Update - Download: 01_LPMB_TT80_251.xls                                   23536280Kb

30/01/2023 16:16:18: Log Auto Update - Download: 01_NTNN_TT80_251.xls                                   23665816Kb

30/01/2023 16:16:20: Log Auto Update - Download: 01_PHLPNG_TT80_251.xls                                 23815832Kb

30/01/2023 16:16:21: Log Auto Update - Download: 01_PH_TT80_251.xls                                     23957144Kb

30/01/2023 16:16:24: Log Auto Update - Download: 01_SHTK_216.xls                                        24085656Kb

30/01/2023 16:16:25: Log Auto Update - Download: 01_TAIN_TT80_251.xls                                   24147096Kb

30/01/2023 16:16:27: Log Auto Update - Download: 01_TBH_TT80_251.xls                                    24315544Kb

30/01/2023 16:16:28: Log Auto Update - Download: 01_TBVMT_201.xls                                       24405144Kb

30/01/2023 16:16:29: Log Auto Update - Download: 01_TBVMT_TT80_251.xls                                  24504472Kb

30/01/2023 16:16:32: Log Auto Update - Download: 01_TBVMT_VIEW_201.xls                                  24722072Kb

30/01/2023 16:16:34: Log Auto Update - Download: 01_TD_GTGT_201.xls                                     24821912Kb

30/01/2023 16:16:35: Log Auto Update - Download: 01_TD_GTGT_VIEW_201.xls                                24928920Kb

30/01/2023 16:16:36: Log Auto Update - Download: 01_TTDB_TT195_261.xls                                  25033368Kb

30/01/2023 16:16:38: Log Auto Update - Download: 01_TTDB_TT195_262.xls                                  25156248Kb

30/01/2023 16:16:39: Log Auto Update - Download: 01_TTDB_TT195_VIEW_261.xls                             25276568Kb

30/01/2023 16:16:40: Log Auto Update - Download: 01_TTDB_TT80_251.xls                                   25398424Kb

30/01/2023 16:16:42: Log Auto Update - Download: 01_TTDB_TT80_261.xls                                   25626264Kb

30/01/2023 16:16:44: Log Auto Update - Download: 01_TTS_TT40_253.xls                                    25871512Kb

30/01/2023 16:16:47: Log Auto Update - Download: 01_XSBHDC_250.xls                                      26270360Kb

30/01/2023 16:16:48: Log Auto Update - Download: 01_XSBHDC_TT40_249.xls                                 26388632Kb

30/01/2023 16:16:52: Log Auto Update - Download: 02_GTGT_241.xls                                        26564248Kb

30/01/2023 16:16:53: Log Auto Update - Download: 02_PBVMT_TT80_251.xls                                  26671768Kb

30/01/2023 16:16:55: Log Auto Update - Download: 02_PH_TT80_251.xls                                     26748568Kb

30/01/2023 16:16:58: Log Auto Update - Download: 02_QTT_TNCN_TT80_251.xls                               26811544Kb

30/01/2023 16:17:01: Log Auto Update - Download: 02_TAIN_TT80_251.xls                                   26937496Kb

30/01/2023 16:17:02: Log Auto Update - Download: 02_TTDB_TT80_251.xls                                   27042456Kb

30/01/2023 16:17:03: Log Auto Update - Download: 03A_TD_TAIN_205.xls                                    27203224Kb

30/01/2023 16:17:04: Log Auto Update - Download: 03A_TD_TAIN_262.xls                                    27301528Kb

30/01/2023 16:17:05: Log Auto Update - Download: 03A_TD_TAIN_VIEW_205.xls                               27399832Kb

30/01/2023 16:17:06: Log Auto Update - Download: 03_TD_TAIN_202.xls                                     27499672Kb

30/01/2023 16:17:08: Log Auto Update - Download: 03_TD_TAIN_VIEW_202.xls                                27596952Kb

30/01/2023 16:17:09: Log Auto Update - Download: 03_TNDN_245.xls                                        27690136Kb

30/01/2023 16:17:31: Log Auto Update - Download: 03_TNDN_262.xls                                        28458648Kb

30/01/2023 16:17:42: Log Auto Update - Download: 03_TNDN_TT80_251.xls                                   29227160Kb

30/01/2023 16:17:52: Log Auto Update - Download: 03_TNDN_VIEW_245.xls                                   30009496Kb

30/01/2023 16:18:03: Log Auto Update - Download: 04_CNV_TNCN_251.xls                                    30765208Kb

30/01/2023 16:18:06: Log Auto Update - Download: 04_DTV_TNCN_251.xls                                    30950552Kb

30/01/2023 16:18:08: Log Auto Update - Download: 04_GTGT_TT80_251.xls                                   31123096Kb

30/01/2023 16:18:09: Log Auto Update - Download: 04_NCCNN_251.xls                                       31288984Kb

30/01/2023 16:18:11: Log Auto Update - Download: 05_GTGT_200.xls                                        31360152Kb

30/01/2023 16:18:12: Log Auto Update - Download: 05_GTGT_VIEW_200.xls                                   31430296Kb

30/01/2023 16:18:13: Log Auto Update - Download: 05_QTT_TNCN_TT80_251.xls                               31500952Kb

30/01/2023 16:18:15: Log Auto Update - Download: 20_TH_DK_TCT_101.xls                                   31711384Kb

30/01/2023 16:18:16: Log Auto Update - Download: BangKe_04_NCCNN_TT80.xls                               31787672Kb

30/01/2023 16:18:18: Log Auto Update - Download: BangKe_THDT_TTDB.xls                                   31843480Kb

30/01/2023 16:18:19: Log Auto Update - Download: Bang_Ke_01_1_CCTT_TMDT.xls                             31872152Kb

30/01/2023 16:18:28: Log Auto Update - Download: Bang_Ke_01_2_CCTT_TMDT.xls                             34188952Kb

30/01/2023 16:18:28: Log Auto Update - Download: Bang_Ke_01_3_CCTT_TMDT.xls                             34229400Kb

30/01/2023 16:18:31: Log Auto Update - Download: Bang_Ke_01_CCTT_TMDT.xls                               34502808Kb

30/01/2023 16:18:31: Log Auto Update - Download: Bang_Ke_05DK_TH.xls                                    34548376Kb

30/01/2023 16:18:49: Log Auto Update - Download: Bang_Ke_05_3_QTT.xls                                   37012120Kb

30/01/2023 16:19:02: Log Auto Update - Download: Bang_Ke_16TH_DangKyCapMa.xls                           39324824Kb

30/01/2023 16:19:25: Log Auto Update - Download: Bang_Ke_20TH_DangKyCapMa.xls                           41628824Kb

30/01/2023 16:19:39: Log Auto Update - Download: Bang_Ke_KhauTruThueTNCN.xls                            43975832Kb

30/01/2023 16:19:39: Log Auto Update - Download: BK_khau_tru_TNCN_213.xls                               44009624Kb

30/01/2023 16:19:40: Log Auto Update - Download: Catalogue_PHLP_012017.xls                              44060824Kb

30/01/2023 16:19:48: Log Auto Update - Download: Catalogue_PHLP_012018.xls                              44392088Kb

30/01/2023 16:19:54: Log Auto Update - Download: Catalogue_PHLP_012020.xls                              44607640Kb

30/01/2023 16:19:59: Log Auto Update - Download: Catalogue_PHLP_012021.xls                              44817560Kb

30/01/2023 16:20:01: Log Auto Update - Download: Header.xls                                             44979352Kb

30/01/2023 16:20:02: Log Auto Update - Download: KHBS_TT80_249.xls                                      45021336Kb

30/01/2023 16:20:03: Log Auto Update - Download: KHBS_TT80_251.xls                                      45145752Kb

30/01/2023 16:20:06: Log Auto Update - Download: KHBS_TT80_253.xls                                      45270168Kb

30/01/2023 16:20:10: Log Auto Update - Download: KHBS_TT80_261.xls                                      45394584Kb

30/01/2023 16:20:15: Log Auto Update - Download: KHBS_TT80_262.xls                                      45519000Kb

30/01/2023 16:20:17: Log Auto Update - Download: KHBS_TT80_DVT_251.xls                                  45643928Kb

30/01/2023 16:20:19: Log Auto Update - Download: 01_CCTT_TMDT_TT80_260.xsd                              45772440Kb

30/01/2023 16:20:19: Log Auto Update - Download: 01_DNHUY_TT80_252.xsd                                  45802532Kb

30/01/2023 16:20:19: Log Auto Update - Download: 01_DNXLNT_264.xsd                                      45811178Kb

30/01/2023 16:20:20: Log Auto Update - Download: 01_GTGT_262.xsd                                        45839139Kb

30/01/2023 16:20:21: Log Auto Update - Download: 01_TBVMT_TT80_251.xsd                                  45876085Kb

30/01/2023 16:20:21: Log Auto Update - Download: 01_TTDB_TT195_261.xsd                                  45909440Kb

30/01/2023 16:20:22: Log Auto Update - Download: 01_TTDB_TT195_262.xsd                                  45937047Kb

30/01/2023 16:20:22: Log Auto Update - Download: 01_TTDB_TT80_261.xsd                                   45964910Kb

30/01/2023 16:20:23: Log Auto Update - Download: 03A_TD_TAIN_205.xsd                                    46019808Kb

30/01/2023 16:20:23: Log Auto Update - Download: 03A_TD_TAIN_262.xsd                                    46032319Kb

30/01/2023 16:20:23: Log Auto Update - Download: 03_TNDN_262.xsd                                        46044830Kb

30/01/2023 16:20:38: Log Auto Update - Download: KHBS_01_GTGT_262.xsd                                   46712632Kb

30/01/2023 16:20:39: Log Auto Update - Download: KHBS_01_TBVMT_262.xsd                                  46786065Kb

30/01/2023 16:20:40: Log Auto Update - Download: KHBS_01_TBVMT_TT80_251.xsd                             46829931Kb

30/01/2023 16:20:41: Log Auto Update - Download: KHBS_01_TD_GTGT_262.xsd                                46899777Kb

30/01/2023 16:20:41: Log Auto Update - Download: KHBS_01_TTDB_TT195_261.xsd                             46943916Kb

30/01/2023 16:20:42: Log Auto Update - Download: KHBS_01_TTDB_TT195_262.xsd                             46980294Kb

30/01/2023 16:20:42: Log Auto Update - Download: KHBS_01_TTDB_TT80_261.xsd                              47044644Kb

30/01/2023 16:20:43: Log Auto Update - Download: KHBS_03A_TD_TAIN_262.xsd                               47135997Kb

30/01/2023 16:20:44: Log Auto Update - Download: KHBS_03_TD_TAIN_262.xsd                                47184931Kb

30/01/2023 16:20:44: Log Auto Update - Download: KHBS_03_TNDN_262.xsd                                   47231233Kb

30/01/2023 16:20:51: Log Auto Update - Download: KHBS_05_GTGT_262.xsd                                   47935522Kb

30/01/2023 16:20:51: Log Auto Update - Download: 01_1_CCTT_TMDT_TT80_260.xml                            47974823Kb

30/01/2023 16:20:53: Log Auto Update - Download: 01_1_CCTT_TMDT_TT80_xml_260.xml                        47998517Kb

30/01/2023 16:20:53: Log Auto Update - Download: 01_1_CNKD_TT40_253.xml                                 47999656Kb

30/01/2023 16:20:53: Log Auto Update - Download: 01_1_DNXLNT_252.xml                                    48007844Kb

30/01/2023 16:20:53: Log Auto Update - Download: 01_1_DNXLNT_264.xml                                    48016192Kb

30/01/2023 16:20:53: Log Auto Update - Download: 01_1_DNXLNT_xml_264.xml                                48024506Kb

30/01/2023 16:20:54: Log Auto Update - Download: 01_1_KTTSBD_TT80_251.xml                               48024824Kb

30/01/2023 16:20:54: Log Auto Update - Download: 01_1_MGT_CNKD_xml_250.xml                              48040762Kb

30/01/2023 16:20:54: Log Auto Update - Download: 01_1_QT_LNCL_TT80_251.xml                              48041550Kb

30/01/2023 16:20:54: Log Auto Update - Download: 01_1_QT_LNCL_TT80_xml_251.xml                          48062474Kb

30/01/2023 16:20:54: Log Auto Update - Download: 01_1_TAIN_TT80_251.xml                                 48063181Kb

30/01/2023 16:20:54: Log Auto Update - Download: 01_1_TAIN_TT80_xml_251.xml                             48076099Kb

30/01/2023 16:20:55: Log Auto Update - Download: 01_1_TBH_TT80_251.xml                                  48076520Kb

30/01/2023 16:20:55: Log Auto Update - Download: 01_1_TBH_TT80_xml_251.xml                              48087878Kb

30/01/2023 16:20:55: Log Auto Update - Download: 01_1_TBVMT_201.xml                                     48088452Kb

30/01/2023 16:20:56: Log Auto Update - Download: 01_1_TBVMT_TT80_251.xml                                48098460Kb

30/01/2023 16:20:56: Log Auto Update - Download: 01_1_TBVMT_TT80_xml_251.xml                            48135608Kb

30/01/2023 16:20:56: Log Auto Update - Download: 01_1_TBVMT_VIEW_201.xml                                48136677Kb

30/01/2023 16:20:57: Log Auto Update - Download: 01_1_TD_GTGT_262.xml                                   48144557Kb

30/01/2023 16:20:57: Log Auto Update - Download: 01_1_TD_GTGT_VIEW_250.xml                              48146899Kb

30/01/2023 16:20:58: Log Auto Update - Download: 01_1_TD_GTGT_xml_262.xml                               48149241Kb

30/01/2023 16:20:58: Log Auto Update - Download: 01_1_TTDB_TT195_261.xml                                48149702Kb

30/01/2023 16:20:58: Log Auto Update - Download: 01_1_TTDB_TT195_262.xml                                48164762Kb

30/01/2023 16:20:59: Log Auto Update - Download: 01_1_TTDB_TT195_VIEW_261.xml                           48179822Kb

30/01/2023 16:20:59: Log Auto Update - Download: 01_1_TTDB_TT195_xml_261.xml                            48194878Kb

30/01/2023 16:20:59: Log Auto Update - Download: 01_1_TTDB_TT195_xml_262.xml                            48195771Kb

30/01/2023 16:20:59: Log Auto Update - Download: 01_1_TTS_TT40_253.xml                                  48196664Kb

30/01/2023 16:20:59: Log Auto Update - Download: 01_1_VTNN_TT80_xml_251.xml                             48211910Kb

30/01/2023 16:20:59: Log Auto Update - Download: 01_1_XSBHDC_216.xml                                    48212320Kb

30/01/2023 16:21:00: Log Auto Update - Download: 01_1_XSBHDC_250.xml                                    48231412Kb

30/01/2023 16:21:00: Log Auto Update - Download: 01_1_XSBHDC_TT40_249.xml                               48250504Kb

30/01/2023 16:21:00: Log Auto Update - Download: 01_2TD_GTGT_201.xml                                    48270028Kb

30/01/2023 16:21:00: Log Auto Update - Download: 01_2TD_GTGT_VIEW_201.xml                               48281168Kb

30/01/2023 16:21:00: Log Auto Update - Download: 01_2TD_GTGT_xml_201.xml                                48288916Kb

30/01/2023 16:21:01: Log Auto Update - Download: 01_2_BC26_AC_SL_201.xml                                48289426Kb

30/01/2023 16:21:01: Log Auto Update - Download: 01_2_CCTT_TMDT_TT80_260.xml                            48294812Kb

30/01/2023 16:21:01: Log Auto Update - Download: 01_2_CCTT_TMDT_TT80_xml_260.xml                        48298688Kb

30/01/2023 16:21:01: Log Auto Update - Download: 01_2_CNKD_TT40_253.xml                                 48298871Kb

30/01/2023 16:21:01: Log Auto Update - Download: 01_2_GTGT_TT80_251.xml                                 48310507Kb

30/01/2023 16:21:01: Log Auto Update - Download: 01_2_GTGT_TT80_xml_251.xml                             48322347Kb

30/01/2023 16:21:02: Log Auto Update - Download: 01_2_TBVMT_TT80_251.xml                                48322768Kb

30/01/2023 16:21:02: Log Auto Update - Download: 01_2_TBVMT_TT80_xml_251.xml                            48346426Kb

30/01/2023 16:21:02: Log Auto Update - Download: 01_2_TD_GTGT_262.xml                                   48347161Kb

30/01/2023 16:21:02: Log Auto Update - Download: 01_2_TD_GTGT_VIEW_250.xml                              48358281Kb

30/01/2023 16:21:02: Log Auto Update - Download: 01_2_TD_GTGT_xml_201.xml                               48365997Kb

30/01/2023 16:21:02: Log Auto Update - Download: 01_2_TD_GTGT_xml_212.xml                               48366507Kb

30/01/2023 16:21:02: Log Auto Update - Download: 01_2_TD_GTGT_xml_240.xml                               48367017Kb

30/01/2023 16:21:03: Log Auto Update - Download: 01_2_TD_GTGT_xml_250.xml                               48367527Kb

30/01/2023 16:21:03: Log Auto Update - Download: 01_2_TD_GTGT_xml_262.xml                               48368037Kb

30/01/2023 16:21:03: Log Auto Update - Download: 01_2_TTDB_TT80_251.xml                                 48368547Kb

30/01/2023 16:21:03: Log Auto Update - Download: 01_2_TTDB_TT80_261.xml                                 48390627Kb

30/01/2023 16:21:03: Log Auto Update - Download: 01_2_TTDB_TT80_xml_251.xml                             48412707Kb

30/01/2023 16:21:04: Log Auto Update - Download: 01_2_TTDB_TT80_xml_261.xml                             48413714Kb

30/01/2023 16:21:04: Log Auto Update - Download: 01_2_TTS_TT40_253.xml                                  48414721Kb

30/01/2023 16:21:04: Log Auto Update - Download: 01_2_VTNN_TT80_251.xml                                 48430675Kb

30/01/2023 16:21:04: Log Auto Update - Download: 01_3_CCTT_TMDT_TT80_260.xml                            48439655Kb

30/01/2023 16:21:04: Log Auto Update - Download: 01_3_CCTT_TMDT_TT80_xml_260.xml                        48448413Kb

30/01/2023 16:21:05: Log Auto Update - Download: 01_3_CNKD_TT40_253.xml                                 48448836Kb

30/01/2023 16:21:05: Log Auto Update - Download: 01_3_CNKD_TT40_xml_253.xml                             48454852Kb

30/01/2023 16:21:05: Log Auto Update - Download: 01_3_GTGT_TT80_251.xml                                 48455121Kb

30/01/2023 16:21:05: Log Auto Update - Download: 01_3_TTDB_TT80_251.xml                                 48467309Kb

30/01/2023 16:21:06: Log Auto Update - Download: 01_3_TTDB_TT80_261.xml                                 48480609Kb

30/01/2023 16:21:06: Log Auto Update - Download: 01_3_TTDB_TT80_xml_251.xml                             48493911Kb

30/01/2023 16:21:06: Log Auto Update - Download: 01_3_TTDB_TT80_xml_261.xml                             48494441Kb

30/01/2023 16:21:07: Log Auto Update - Download: 01_3_TTS_TT40_253.xml                                  48494971Kb

30/01/2023 16:21:07: Log Auto Update - Download: 01_3_VTNN_TT80_251.xml                                 48500491Kb

30/01/2023 16:21:07: Log Auto Update - Download: 01_4_TTDB_TT195_261.xml                                48507657Kb

30/01/2023 16:21:08: Log Auto Update - Download: 01_4_TTDB_TT195_262.xml                                48516273Kb

30/01/2023 16:21:08: Log Auto Update - Download: 01_4_TTDB_TT195_VIEW_261.xml                           48524889Kb

30/01/2023 16:21:08: Log Auto Update - Download: 01_4_TTDB_TT195_xml_261.xml                            48533505Kb

30/01/2023 16:21:08: Log Auto Update - Download: 01_4_TTDB_TT195_xml_262.xml                            48533864Kb

30/01/2023 16:21:08: Log Auto Update - Download: 01_4_TTDB_TT80_261.xml                                 48534223Kb

30/01/2023 16:21:08: Log Auto Update - Download: 01_4_TTDB_TT80_xml_261.xml                             48542839Kb

30/01/2023 16:21:08: Log Auto Update - Download: 01_5_GTGT_262.xml                                      48543198Kb

30/01/2023 16:21:09: Log Auto Update - Download: 01_5_GTGT_VIEW_250.xml                                 48547724Kb

30/01/2023 16:21:09: Log Auto Update - Download: 01_5_GTGT_xml_262.xml                                  48552250Kb

30/01/2023 16:21:09: Log Auto Update - Download: 01_6_1_GTGT_TT80_251.xml                               48552479Kb

30/01/2023 16:21:10: Log Auto Update - Download: 01_6_GTGT_201.xml                                      48566055Kb

30/01/2023 16:21:10: Log Auto Update - Download: 01_6_GTGT_212.xml                                      48574919Kb

30/01/2023 16:21:11: Log Auto Update - Download: 01_6_GTGT_240.xml                                      48583783Kb

30/01/2023 16:21:11: Log Auto Update - Download: 01_6_GTGT_250.xml                                      48592647Kb

30/01/2023 16:21:11: Log Auto Update - Download: 01_6_GTGT_262.xml                                      48601517Kb

30/01/2023 16:21:11: Log Auto Update - Download: 01_6_GTGT_CSSX_TT80_251.xml                            48613671Kb

30/01/2023 16:21:11: Log Auto Update - Download: 01_6_GTGT_DVVT_TT80_251.xml                            48631357Kb

30/01/2023 16:21:12: Log Auto Update - Download: 01_6_GTGT_VIEW_250.xml                                 48646417Kb

30/01/2023 16:21:12: Log Auto Update - Download: 01_6_GTGT_xml_262.xml                                  48655287Kb

30/01/2023 16:21:12: Log Auto Update - Download: 01_7_GTGT_262.xml                                      48655756Kb

30/01/2023 16:21:12: Log Auto Update - Download: 01_7_GTGT_VIEW_250.xml                                 48663016Kb

30/01/2023 16:21:12: Log Auto Update - Download: 01_7_GTGT_xml_262.xml                                  48667782Kb

30/01/2023 16:21:12: Log Auto Update - Download: 01_8_MGT_GTGT_250.xml                                  48668036Kb

30/01/2023 16:21:12: Log Auto Update - Download: 01_8_MGT_GTGT_262.xml                                  48673368Kb

30/01/2023 16:21:13: Log Auto Update - Download: 01_8_MGT_GTGT_TT80_251.xml                             48678700Kb

30/01/2023 16:21:13: Log Auto Update - Download: 01_8_MGT_GTGT_VIEW_250.xml                             48684154Kb

30/01/2023 16:21:14: Log Auto Update - Download: 01_8_MGT_GTGT_xml_262.xml                              48689486Kb

30/01/2023 16:21:14: Log Auto Update - Download: 01_BCTL_TT80_DK_251.xml                                48689735Kb

30/01/2023 16:21:14: Log Auto Update - Download: 01_CCTT_TMDT_TT80_260.xml                              48713321Kb

30/01/2023 16:21:15: Log Auto Update - Download: 01_CCTT_TMDT_TT80_xml_260.xml                          48725019Kb

30/01/2023 16:21:15: Log Auto Update - Download: 01_CNKD_TT40_253.xml                                   48727048Kb

30/01/2023 16:21:16: Log Auto Update - Download: 01_CTLNDC_TT80_251.xml                                 48818902Kb

30/01/2023 16:21:16: Log Auto Update - Download: 01_DCDB_VSP_DK_TT80_251.xml                            48826160Kb

30/01/2023 16:21:18: Log Auto Update - Download: 01_DNHT_222.xml                                        48834728Kb

30/01/2023 16:21:18: Log Auto Update - Download: 01_DNHT_241.xml                                        48874350Kb

30/01/2023 16:21:20: Log Auto Update - Download: 01_DNHT_244.xml                                        48918188Kb

30/01/2023 16:21:21: Log Auto Update - Download: 01_DNHT_252.xml                                        48962026Kb

30/01/2023 16:21:21: Log Auto Update - Download: 01_DNHUY_TT80_252.xml                                  49001532Kb

30/01/2023 16:21:21: Log Auto Update - Download: 01_DNHUY_TT80_xml_252.xml                              49011002Kb

30/01/2023 16:21:21: Log Auto Update - Download: 01_DNXLNT_252.xml                                      49013243Kb

30/01/2023 16:21:22: Log Auto Update - Download: 01_DNXLNT_264.xml                                      49051539Kb

30/01/2023 16:21:24: Log Auto Update - Download: 01_DNXLNT_xml_264.xml                                  49091731Kb

30/01/2023 16:21:24: Log Auto Update - Download: 01_GTGT_262.xml                                        49095124Kb

30/01/2023 16:21:24: Log Auto Update - Download: 01_GTGT_TT80_251.xml                                   49112644Kb

30/01/2023 16:21:24: Log Auto Update - Download: 01_GTGT_VIEW_250.xml                                   49135068Kb

30/01/2023 16:21:25: Log Auto Update - Download: 01_GTGT_xml_262.xml                                    49152588Kb

30/01/2023 16:21:25: Log Auto Update - Download: 01_HKNN_TT80_251.xml                                   49154780Kb

30/01/2023 16:21:25: Log Auto Update - Download: 01_KTTSBD_TT80_xml_251.xml                             49169994Kb

30/01/2023 16:21:25: Log Auto Update - Download: 01_LNCN_PSC_TT80_DK_251.xml                            49171556Kb

30/01/2023 16:21:26: Log Auto Update - Download: 01_LNCN_VSP_TT80_DK_251.xml                            49197572Kb

30/01/2023 16:21:26: Log Auto Update - Download: 01_LPMB_TT80_251.xml                                   49230002Kb

30/01/2023 16:21:26: Log Auto Update - Download: 01_LP_TT80_251.xml                                     49249976Kb

30/01/2023 16:21:27: Log Auto Update - Download: 01_NTNN_TT80_251.xml                                   49261336Kb

30/01/2023 16:21:27: Log Auto Update - Download: 01_PBVMT_TT80_251.xml                                  49276578Kb

30/01/2023 16:21:33: Log Auto Update - Download: 01_PHLPNG_TT80_251.xml                                 49298002Kb

30/01/2023 16:21:33: Log Auto Update - Download: 01_PH_TT80_251.xml                                     49308780Kb

30/01/2023 16:21:33: Log Auto Update - Download: 01_PH_TT80_xml_251.xml                                 49321280Kb

30/01/2023 16:21:33: Log Auto Update - Download: 01_PL_TAIN_DK_TT80_xml_251.xml                         49323194Kb

30/01/2023 16:21:33: Log Auto Update - Download: 01_PTHU_DK_TT80_251.xml                                49323431Kb

30/01/2023 16:21:34: Log Auto Update - Download: 01_QT_LNCL_227.xml                                     49336521Kb

30/01/2023 16:21:34: Log Auto Update - Download: 01_QT_LNCL_TT80_251.xml                                49347923Kb

30/01/2023 16:21:34: Log Auto Update - Download: 01_SDDNN_TT80_251.xml                                  49358195Kb

30/01/2023 16:21:37: Log Auto Update - Download: 01_TAIN_202.xml                                        49379787Kb

30/01/2023 16:21:37: Log Auto Update - Download: 01_TAIN_TT80_251.xml                                   49407263Kb

30/01/2023 16:21:37: Log Auto Update - Download: 01_TAIN_TT80_DK_251.xml                                49441689Kb

30/01/2023 16:21:38: Log Auto Update - Download: 01_TBH_TT80_251.xml                                    49458447Kb

30/01/2023 16:21:38: Log Auto Update - Download: 01_TBVMT_201.xml                                       49474765Kb

30/01/2023 16:21:38: Log Auto Update - Download: 01_TBVMT_TT80_251.xml                                  49482335Kb

30/01/2023 16:21:39: Log Auto Update - Download: 01_TBVMT_VIEW_201.xml                                  49497029Kb

30/01/2023 16:21:39: Log Auto Update - Download: 01_TD_GTGT_VIEW_201.xml                                49503883Kb

30/01/2023 16:21:39: Log Auto Update - Download: 01_TTDB_TT195_261.xml                                  49510101Kb

30/01/2023 16:21:39: Log Auto Update - Download: 01_TTDB_TT195_262.xml                                  49551369Kb

30/01/2023 16:21:40: Log Auto Update - Download: 01_TTDB_TT195_VIEW_261.xml                             49594347Kb

30/01/2023 16:21:40: Log Auto Update - Download: 01_TTDB_TT195_xml_261.xml                              49634935Kb

30/01/2023 16:21:41: Log Auto Update - Download: 01_TTDB_TT195_xml_262.xml                              49638058Kb

30/01/2023 16:21:41: Log Auto Update - Download: 01_TTDB_TT80_261.xml                                   49641181Kb

30/01/2023 16:21:45: Log Auto Update - Download: 01_TTDB_TT80_xml_261.xml                               49704919Kb

30/01/2023 16:21:46: Log Auto Update - Download: 02_PBVMT_TT80_251.xml                                  49709258Kb

30/01/2023 16:21:46: Log Auto Update - Download: 02_QTT_TNCN_TT80_251.xml                               49729664Kb

30/01/2023 16:21:47: Log Auto Update - Download: 03A_1_TD_TAIN_262.xml                                  49767396Kb

30/01/2023 16:21:48: Log Auto Update - Download: 03A_1_TD_TAIN_VIEW_205.xml                             49780972Kb

30/01/2023 16:21:48: Log Auto Update - Download: 03A_1_TD_TAIN_xml_262.xml                              49788732Kb

30/01/2023 16:21:48: Log Auto Update - Download: 03A_TD_TAIN_262.xml                                    49789421Kb

30/01/2023 16:21:48: Log Auto Update - Download: 03A_TD_TAIN_VIEW_205.xml                               49800689Kb

30/01/2023 16:21:48: Log Auto Update - Download: 03A_TD_TAIN_xml_262.xml                                49811957Kb

30/01/2023 16:21:49: Log Auto Update - Download: 03_01_ND132_TNDN_262.xml                               49813763Kb

30/01/2023 16:21:56: Log Auto Update - Download: 03_01_ND132_TNDN_VIEW_245.xml                          50045237Kb

30/01/2023 16:21:59: Log Auto Update - Download: 03_01_ND132_TNDN_xml_262.xml                           50276711Kb

30/01/2023 16:22:00: Log Auto Update - Download: 03_01_ND20_TNDN_262.xml                                50292396Kb

30/01/2023 16:22:02: Log Auto Update - Download: 03_01_ND20_TNDN_VIEW_245.xml                           50530892Kb

30/01/2023 16:22:04: Log Auto Update - Download: 03_01_ND20_TNDN_xml_262.xml                            50769388Kb

30/01/2023 16:22:04: Log Auto Update - Download: 03_02_ND132_TNDN_262.xml                               50783687Kb

30/01/2023 16:22:04: Log Auto Update - Download: 03_02_ND132_TNDN_VIEW_245.xml                          50799073Kb

30/01/2023 16:22:04: Log Auto Update - Download: 03_02_ND132_TNDN_xml_262.xml                           50814459Kb

30/01/2023 16:22:04: Log Auto Update - Download: 03_02_ND20_TNDN_262.xml                                50816115Kb

30/01/2023 16:22:05: Log Auto Update - Download: 03_02_ND20_TNDN_VIEW_245.xml                           50831417Kb

30/01/2023 16:22:05: Log Auto Update - Download: 03_02_ND20_TNDN_xml_262.xml                            50846719Kb

30/01/2023 16:22:05: Log Auto Update - Download: 03_02_TNDN_262.xml                                     50848374Kb

30/01/2023 16:22:05: Log Auto Update - Download: 03_02_TNDN_VIEW_245.xml                                50855694Kb

30/01/2023 16:22:05: Log Auto Update - Download: 03_02_TNDN_xml_262.xml                                 50863014Kb

30/01/2023 16:22:05: Log Auto Update - Download: 03_03_ND132_TNDN_262.xml                               50863312Kb

30/01/2023 16:22:05: Log Auto Update - Download: 03_03_ND132_TNDN_VIEW_245.xml                          50875298Kb

30/01/2023 16:22:06: Log Auto Update - Download: 03_03_ND132_TNDN_xml_262.xml                           50887284Kb

30/01/2023 16:22:06: Log Auto Update - Download: 03_03_ND20_TNDN_262.xml                                50888622Kb

30/01/2023 16:22:06: Log Auto Update - Download: 03_03_ND20_TNDN_VIEW_245.xml                           50900540Kb

30/01/2023 16:22:07: Log Auto Update - Download: 03_03_ND20_TNDN_xml_262.xml                            50912458Kb

30/01/2023 16:22:07: Log Auto Update - Download: 03_04_ND132_TNDN_262.xml                               50913794Kb

30/01/2023 16:22:07: Log Auto Update - Download: 03_04_ND132_TNDN_VIEW_245.xml                          50927702Kb

30/01/2023 16:22:07: Log Auto Update - Download: 03_04_ND132_TNDN_xml_262.xml                           50941610Kb

30/01/2023 16:22:07: Log Auto Update - Download: 03_04_ND20_TNDN_262.xml                                50942299Kb

30/01/2023 16:22:08: Log Auto Update - Download: 03_04_ND20_TNDN_VIEW_245.xml                           50956207Kb

30/01/2023 16:22:08: Log Auto Update - Download: 03_04_ND20_TNDN_xml_262.xml                            50970115Kb

30/01/2023 16:22:08: Log Auto Update - Download: 03_1A_TNDN_262.xml                                     50970802Kb

30/01/2023 16:22:08: Log Auto Update - Download: 03_1A_TNDN_VIEW_245.xml                                50978598Kb

30/01/2023 16:22:08: Log Auto Update - Download: 03_1A_TNDN_xml_262.xml                                 50986394Kb

30/01/2023 16:22:08: Log Auto Update - Download: 03_1B_TNDN_262.xml                                     50986615Kb

30/01/2023 16:22:08: Log Auto Update - Download: 03_1B_TNDN_VIEW_245.xml                                50993313Kb

30/01/2023 16:22:08: Log Auto Update - Download: 03_1B_TNDN_xml_262.xml                                 51000011Kb

30/01/2023 16:22:09: Log Auto Update - Download: 03_1C_TNDN_262.xml                                     51000202Kb

30/01/2023 16:22:09: Log Auto Update - Download: 03_1C_TNDN_VIEW_245.xml                                51011298Kb

30/01/2023 16:22:10: Log Auto Update - Download: 03_1C_TNDN_xml_262.xml                                 51022394Kb

30/01/2023 16:22:10: Log Auto Update - Download: 03_1_MGT_TNDN_262.xml                                  51022705Kb

30/01/2023 16:22:10: Log Auto Update - Download: 03_1_MGT_TNDN_VIEW_245.xml                             51025971Kb

30/01/2023 16:22:10: Log Auto Update - Download: 03_1_MGT_TNDN_xml_262.xml                              51029237Kb

30/01/2023 16:22:11: Log Auto Update - Download: 03_1_TD_TAIN_202.xml                                   51029340Kb

30/01/2023 16:22:11: Log Auto Update - Download: 03_1_TD_TAIN_VIEW_202.xml                              51040512Kb

30/01/2023 16:22:11: Log Auto Update - Download: 03_2A_TNDN_262.xml                                     51048268Kb

30/01/2023 16:22:11: Log Auto Update - Download: 03_2A_TNDN_VIEW_245.xml                                51061068Kb

30/01/2023 16:22:11: Log Auto Update - Download: 03_2A_TNDN_xml_262.xml                                 51073868Kb

30/01/2023 16:22:11: Log Auto Update - Download: 03_2B_TNDN_262.xml                                     51074693Kb

30/01/2023 16:22:12: Log Auto Update - Download: 03_2B_TNDN_VIEW_245.xml                                51087589Kb

30/01/2023 16:22:12: Log Auto Update - Download: 03_2B_TNDN_xml_262.xml                                 51100485Kb

30/01/2023 16:22:12: Log Auto Update - Download: 03_3A_TNDN_262.xml                                     51101310Kb

30/01/2023 16:22:12: Log Auto Update - Download: 03_3A_TNDN_VIEW_245.xml                                51113688Kb

30/01/2023 16:22:12: Log Auto Update - Download: 03_3A_TNDN_xml_262.xml                                 51126066Kb

30/01/2023 16:22:12: Log Auto Update - Download: 03_3B_TNDN_262.xml                                     51126607Kb

30/01/2023 16:22:12: Log Auto Update - Download: 03_3B_TNDN_VIEW_245.xml                                51140303Kb

30/01/2023 16:22:13: Log Auto Update - Download: 03_3B_TNDN_xml_262.xml                                 51153999Kb

30/01/2023 16:22:13: Log Auto Update - Download: 03_3C_TNDN_262.xml                                     51154608Kb

30/01/2023 16:22:13: Log Auto Update - Download: 03_3C_TNDN_TT80_251.xml                                51161150Kb

30/01/2023 16:22:13: Log Auto Update - Download: 03_3C_TNDN_VIEW_245.xml                                51177856Kb

30/01/2023 16:22:13: Log Auto Update - Download: 03_3C_TNDN_xml_262.xml                                 51184398Kb

30/01/2023 16:22:14: Log Auto Update - Download: 03_4_TNDN_262.xml                                      51184716Kb

30/01/2023 16:22:14: Log Auto Update - Download: 03_4_TNDN_VIEW_245.xml                                 51194114Kb

30/01/2023 16:22:14: Log Auto Update - Download: 03_4_TNDN_xml_262.xml                                  51203512Kb

30/01/2023 16:22:14: Log Auto Update - Download: 03_5_TNDN_262.xml                                      51204180Kb

30/01/2023 16:22:14: Log Auto Update - Download: 03_5_TNDN_VIEW_245.xml                                 51210788Kb

30/01/2023 16:22:15: Log Auto Update - Download: 03_5_TNDN_xml_262.xml                                  51217396Kb

30/01/2023 16:22:15: Log Auto Update - Download: 03_6_TNDN_262.xml                                      51217603Kb

30/01/2023 16:22:15: Log Auto Update - Download: 03_6_TNDN_VIEW_245.xml                                 51225643Kb

30/01/2023 16:22:15: Log Auto Update - Download: 03_6_TNDN_xml_262.xml                                  51233683Kb

30/01/2023 16:22:15: Log Auto Update - Download: 03_7_TNDN_262.xml                                      51234092Kb

30/01/2023 16:22:16: Log Auto Update - Download: 03_7_TNDN_VIEW_245.xml                                 51338372Kb

30/01/2023 16:22:18: Log Auto Update - Download: 03_7_TNDN_xml_262.xml                                  51442652Kb

30/01/2023 16:22:18: Log Auto Update - Download: 03_8B_TNDN_TT80_251.xml                                51448721Kb

30/01/2023 16:22:18: Log Auto Update - Download: 03_8_TNDN_262.xml                                      51460587Kb

30/01/2023 16:22:18: Log Auto Update - Download: 03_8_TNDN_VIEW_245.xml                                 51470713Kb

30/01/2023 16:22:18: Log Auto Update - Download: 03_8_TNDN_xml_262.xml                                  51478789Kb

30/01/2023 16:22:18: Log Auto Update - Download: 03_9_TD_TNDN_262.xml                                   51479110Kb

30/01/2023 16:22:19: Log Auto Update - Download: 03_9_TD_TNDN_VIEW_245.xml                              51490454Kb

30/01/2023 16:22:19: Log Auto Update - Download: 03_9_TD_TNDN_xml_262.xml                               51498382Kb

30/01/2023 16:22:19: Log Auto Update - Download: 03_TD_TAIN_VIEW_202.xml                                51499067Kb

30/01/2023 16:22:19: Log Auto Update - Download: 03_TNDN_262.xml                                        51508681Kb

30/01/2023 16:22:20: Log Auto Update - Download: 03_TNDN_VIEW_245.xml                                   51546345Kb

30/01/2023 16:22:21: Log Auto Update - Download: 03_TNDN_xml_262.xml                                    51584009Kb

30/01/2023 16:22:21: Log Auto Update - Download: 03_TT03_TNDN_262.xml                                   51586593Kb

30/01/2023 16:22:21: Log Auto Update - Download: 03_TT03_TNDN_VIEW_245.xml                              51592409Kb

30/01/2023 16:22:21: Log Auto Update - Download: 03_TT03_TNDN_xml_262.xml                               51598225Kb

30/01/2023 16:22:21: Log Auto Update - Download: 04_1_CNV_TNCN_251.xml                                  51598423Kb

30/01/2023 16:22:22: Log Auto Update - Download: 04_CNV_TNCN_251.xml                                    51617467Kb

30/01/2023 16:22:22: Log Auto Update - Download: 04_NCCNN_251.xml                                       51642073Kb

30/01/2023 16:22:22: Log Auto Update - Download: 05_GTGT_VIEW_200.xml                                   51647637Kb

30/01/2023 16:22:22: Log Auto Update - Download: BK_khau_tru_TNCN_213.xml                               51653787Kb

30/01/2023 16:22:22: Log Auto Update - Download: HEADER.xml                                             51660467Kb

30/01/2023 16:22:23: Log Auto Update - Download: KHBS_01_1_TT80_249.xml                                 51669753Kb

30/01/2023 16:22:23: Log Auto Update - Download: KHBS_01_1_TT80_251.xml                                 51689439Kb

30/01/2023 16:22:23: Log Auto Update - Download: KHBS_01_1_TT80_253.xml                                 51709125Kb

30/01/2023 16:22:23: Log Auto Update - Download: KHBS_01_1_TT80_261.xml                                 51728811Kb

30/01/2023 16:22:23: Log Auto Update - Download: KHBS_01_1_TT80_262.xml                                 51748497Kb

30/01/2023 16:22:24: Log Auto Update - Download: KHBS_01_1_TT80_DVT_251.xml                             51768183Kb

30/01/2023 16:22:24: Log Auto Update - Download: KHBS_01_TT80_253.xml                                   51793725Kb

30/01/2023 16:22:25: Log Auto Update - Download: KHBS_01_TT80_261.xml                                   51824593Kb

30/01/2023 16:22:25: Log Auto Update - Download: KHBS_01_TT80_262.xml                                   51855465Kb

30/01/2023 16:22:26: Log Auto Update - Download: KHBS_01_TTDB_TT195_261.xml                             51886695Kb

30/01/2023 16:22:26: Log Auto Update - Download: KHBS_01_TTDB_TT195_262.xml                             51899805Kb

30/01/2023 16:22:27: Log Auto Update - Download: 01_CCTT_TMDT_TT80_260.xls                              51912915Kb

30/01/2023 16:22:28: Log Auto Update - Download: 01_DNHUY_TT80_252.xls                                  52019411Kb

30/01/2023 16:22:29: Log Auto Update - Download: 01_DNXLNT_264.xls                                      52083923Kb

30/01/2023 16:22:35: Log Auto Update - Download: 01_GTGT_250.xls                                        52186323Kb

30/01/2023 16:22:37: Log Auto Update - Download: 01_GTGT_262.xls                                        52373715Kb

30/01/2023 16:22:39: Log Auto Update - Download: 01_TAIN_TT80_DK_251.xls                                52561107Kb

30/01/2023 16:22:43: Log Auto Update - Download: 01_TBVMT_201.xls                                       52757203Kb

30/01/2023 16:22:44: Log Auto Update - Download: 01_TBVMT_TT80_251.xls                                  52867283Kb

30/01/2023 16:22:45: Log Auto Update - Download: 01_TD_GTGT_201.xls                                     52973779Kb

30/01/2023 16:22:46: Log Auto Update - Download: 01_TTDB_TT195_261.xls                                  53085395Kb

30/01/2023 16:22:47: Log Auto Update - Download: 01_TTDB_TT195_262.xls                                  53223635Kb

30/01/2023 16:22:50: Log Auto Update - Download: 01_TTDB_TT80_261.xls                                   53362387Kb

30/01/2023 16:22:54: Log Auto Update - Download: 01_TTS_TT40_253.xls                                    53591763Kb

30/01/2023 16:22:57: Log Auto Update - Download: 02_LNCN_VSP_TT80_DK_251.xls                            53842131Kb

30/01/2023 16:23:05: Log Auto Update - Download: 02_PBVMT_TT80_251.xls                                  54047955Kb

30/01/2023 16:23:06: Log Auto Update - Download: 02_TAIN_DK_TT80_251.xls                                54103763Kb

30/01/2023 16:23:08: Log Auto Update - Download: 03A_TD_TAIN_205.xls                                    54306515Kb

30/01/2023 16:23:09: Log Auto Update - Download: 03A_TD_TAIN_262.xls                                    54413011Kb

30/01/2023 16:23:13: Log Auto Update - Download: 03_PTHU_DK_TT80_251.xls                                54519507Kb

30/01/2023 16:23:15: Log Auto Update - Download: 03_TD_TAIN_202.xls                                     54657235Kb

30/01/2023 16:23:16: Log Auto Update - Download: 03_TNDN_245.xls                                        54762707Kb

30/01/2023 16:23:28: Log Auto Update - Download: 03_TNDN_262.xls                                        55433939Kb

30/01/2023 16:23:35: Log Auto Update - Download: 05_GTGT_200.xls                                        56105171Kb

30/01/2023 16:23:36: Log Auto Update - Download: KHBS_TT80_261.xls                                      56194771Kb

30/01/2023 16:23:37: Log Auto Update - Download: KHBS_TT80_262.xls                                      56339155Kb

30/01/2023 16:23:39: Log Auto Update - Download: Version4.0.0.txt                                       56483539Kb

30/01/2023 16:23:39: Log Auto Update - Download: Version4.0.1.txt                                       56483565Kb

30/01/2023 16:23:40: Log Auto Update - Download: Version4.0.2.txt                                       56483699Kb

30/01/2023 16:23:40: Log Auto Update - Download: Version4.0.3.txt                                       56485175Kb

30/01/2023 16:23:40: Log Auto Update - Download: Version4.0.4.txt                                       56486384Kb

30/01/2023 16:23:41: Log Auto Update - Download: Version4.0.5.txt                                       56487890Kb

30/01/2023 16:23:41: Log Auto Update - Download: Version4.0.6.txt                                       56491313Kb

30/01/2023 16:23:41: Log Auto Update - Download: Version4.0.7.txt                                       56494379Kb

30/01/2023 16:23:41: Log Auto Update - Download: Version4.0.8.txt                                       56498241Kb

30/01/2023 16:23:41: Log Auto Update - Download: Version4.0.9.txt                                       56500649Kb

30/01/2023 16:23:41: Log Auto Update - Download: Version4.1.0.txt                                       56507257Kb

30/01/2023 16:23:41: Log Auto Update - Download: Version4.1.1.txt                                       56508296Kb

30/01/2023 16:23:42: Log Auto Update - Download: Version4.1.2.txt                                       56509402Kb

30/01/2023 16:23:42: Log Auto Update - Download: Version4.1.5.txt                                       56514247Kb

30/01/2023 16:23:42: Log Auto Update - Download: Version4.1.6.txt                                       56516218Kb

30/01/2023 16:23:42: Log Auto Update - Download: Version4.1.7.txt                                       56517791Kb

30/01/2023 16:23:46: Log Auto Update - Download: Version4.1.8.txt                                       56519663Kb

30/01/2023 16:23:47: Log Auto Update - Download: Version4.1.9.txt                                       56522246Kb

30/01/2023 16:23:47: Log Auto Update - Download: Version4.2.0.txt                                       56532104Kb

30/01/2023 16:23:47: Log Auto Update - Download: Version4.2.1.txt                                       56552320Kb

30/01/2023 16:23:47: Log Auto Update - Download: Version4.2.2.txt                                       56555805Kb

30/01/2023 16:23:48: Log Auto Update - Download: Version4.2.3.txt                                       56591048Kb

30/01/2023 16:23:48: Log Auto Update - Download: Version4.2.4.txt                                       56592926Kb

30/01/2023 16:23:48: Log Auto Update - Download: Version4.2.5.txt                                       56596471Kb

30/01/2023 16:23:48: Log Auto Update - Download: Version4.2.6.txt                                       56598808Kb

30/01/2023 16:23:49: Log Auto Update - Download: Version4.2.7.txt                                       56600341Kb

30/01/2023 16:23:49: Log Auto Update - Download: Version4.2.8.txt                                       56600556Kb

30/01/2023 16:23:50: Log Auto Update - Download: Version4.2.9.txt                                       56601751Kb

30/01/2023 16:23:50: Log Auto Update - Download: Version4.3.0.txt                                       56602583Kb

30/01/2023 16:23:50: Log Auto Update - Download: Version4.3.1.txt                                       56604490Kb

30/01/2023 16:23:50: Log Auto Update - Download: Version4.3.2.txt                                       56605783Kb

30/01/2023 16:23:50: Log Auto Update - Download: Version4.3.3.txt                                       56607298Kb

30/01/2023 16:23:51: Log Auto Update - Download: Version4.3.4.txt                                       56608185Kb

30/01/2023 16:23:51: Log Auto Update - Download: Version4.3.5.txt                                       56611376Kb

30/01/2023 16:23:51: Log Auto Update - Download: Version4.3.6.txt                                       56612363Kb

30/01/2023 16:23:51: Log Auto Update - Download: Version4.3.7.txt                                       56613525Kb

30/01/2023 16:23:51: Log Auto Update - Download: Version4.3.8.txt                                       56615132Kb

30/01/2023 16:23:51: Log Auto Update - Download: Version4.3.9.txt                                       56615665Kb

30/01/2023 16:23:51: Log Auto Update - Download: Version4.4.0.txt                                       56616833Kb

30/01/2023 16:23:56: Log Auto Update - Download: Version4.4.1.txt                                       56617430Kb

30/01/2023 16:23:57: Log Auto Update - Download: Version4.4.2.txt                                       56622058Kb

30/01/2023 16:23:57: Log Auto Update - Download: Version4.4.3.txt                                       56625110Kb

30/01/2023 16:23:57: Log Auto Update - Download: Version4.4.4.txt                                       56626978Kb

30/01/2023 16:23:57: Log Auto Update - Download: Version4.4.5.txt                                       56627567Kb

30/01/2023 16:23:57: Log Auto Update - Download: Version4.4.6.txt                                       56628487Kb

30/01/2023 16:23:58: Log Auto Update - Download: Version4.4.7.txt                                       56630596Kb

30/01/2023 16:23:58: Log Auto Update - Download: Version4.4.8.txt                                       56632911Kb

30/01/2023 16:23:58: Log Auto Update - Download: Version4.4.9.txt                                       56633457Kb

30/01/2023 16:23:58: Log Auto Update - Download: Version4.5.0.txt                                       56634447Kb

30/01/2023 16:23:58: Log Auto Update - Download: Version4.5.1.txt                                       56639613Kb

30/01/2023 16:23:58: Log Auto Update - Download: Version4.5.2.txt                                       56643456Kb

30/01/2023 16:23:59: Log Auto Update - Download: Version4.5.3.txt                                       56648079Kb

30/01/2023 16:23:59: Log Auto Update - Download: Version4.5.4.txt                                       56650396Kb

30/01/2023 16:23:59: Log Auto Update - Download: Version4.5.5.txt                                       56650925Kb

30/01/2023 16:23:59: Log Auto Update - Download: Version4.5.6.txt                                       56653032Kb

30/01/2023 16:23:59: Log Auto Update - Download: Version4.5.7.txt                                       56653872Kb

30/01/2023 16:23:59: Log Auto Update - Download: Version4.5.8.txt                                       56654710Kb

30/01/2023 16:23:59: Log Auto Update - Download: Version4.5.9.txt                                       56659399Kb

30/01/2023 16:23:59: Log Auto Update - Download: Version4.6.0.txt                                       56661046Kb

30/01/2023 16:24:00: Log Auto Update - Download: Version4.6.1.txt                                       56662839Kb

30/01/2023 16:24:00: Log Auto Update - Download: Version4.6.2.txt                                       56663209Kb

30/01/2023 16:24:00: Log Auto Update - Download: Version4.6.3.txt                                       56665074Kb

30/01/2023 16:24:00: Log Auto Update - Download: Version4.6.4.txt                                       56666193Kb

30/01/2023 16:24:00: Log Auto Update - Download: Version4.6.5.txt                                       56666861Kb

30/01/2023 16:24:00: Log Auto Update - Download: Version4.6.6.txt                                       56668509Kb

30/01/2023 16:24:00: Log Auto Update - Download: Version4.6.7.txt                                       56669662Kb

30/01/2023 16:24:01: Log Auto Update - Download: Version4.6.8.txt                                       56670635Kb

30/01/2023 16:24:01: Log Auto Update - Download: Version4.6.9.txt                                       56672112Kb

30/01/2023 16:24:01: Log Auto Update - Download: Version4.7.0.txt                                       56673610Kb

30/01/2023 16:24:01: Log Auto Update - Download: Version4.7.1.txt                                       56675446Kb

30/01/2023 16:24:01: Log Auto Update - Download: Version4.7.2.txt                                       56676635Kb

30/01/2023 16:24:01: Log Auto Update - Download: Version4.7.3.txt                                       56678018Kb

30/01/2023 16:24:02: Log Auto Update - Download: Version4.7.4.txt                                       56679216Kb

30/01/2023 16:24:02: Log Auto Update - Download: Version4.7.5.txt                                       56680300Kb

30/01/2023 16:24:02: Log Auto Update - Download: Version4.7.6.txt                                       56681744Kb

30/01/2023 16:24:02: Log Auto Update - Download: Version4.7.7.txt                                       56682941Kb

30/01/2023 16:24:02: Log Auto Update - Download: Version4.7.8.txt                                       56683973Kb

30/01/2023 16:24:02: Log Auto Update - Download: Version4.7.9.txt                                       56685584Kb

30/01/2023 16:24:02: Log Auto Update - Download: Version4.8.0.txt                                       56687611Kb

30/01/2023 16:24:03: Log Auto Update - Download: Version4.8.1.txt                                       56690035Kb

30/01/2023 16:24:03: Log Auto Update - Download: Version4.8.2.txt                                       56691244Kb

30/01/2023 16:24:03: Log Auto Update - Download: Version4.8.3.txt                                       56692094Kb

30/01/2023 16:24:03: Log Auto Update - Download: Version4.8.4.txt                                       56693315Kb

30/01/2023 16:24:03: Log Auto Update - Download: Version4.8.5.txt                                       56694935Kb

30/01/2023 16:24:03: Log Auto Update - Download: Version4.8.6.txt                                       56695246Kb

30/01/2023 16:24:03: Log Auto Update - Download: Version4.8.7.txt                                       56696579Kb

30/01/2023 16:24:03: Log Auto Update - Download: Version4.8.8.txt                                       56697092Kb

30/01/2023 16:24:04: Log Auto Update - Download: Version4.8.9.txt                                       56698286Kb

30/01/2023 16:24:04: Log Auto Update - Download: Version4.9.0.txt                                       56699969Kb

30/01/2023 16:24:04: Log Auto Update - Download: Version4.9.1.txt                                       56702201Kb

30/01/2023 16:24:04: Log Auto Update - Download: Version4.9.2.txt                                       56704832Kb

30/01/2023 16:24:04: Log Auto Update - Download: Version4.9.3.txt                                       56706154Kb

30/01/2023 16:24:04: Log Auto Update - Download: Version4.9.4.txt                                       56707350Kb

30/01/2023 16:24:05: Log Auto Update - Download: Version4.9.5.txt                                       56710291Kb

30/01/2023 16:24:05: Log Auto Update - Download: Version4.9.6.txt                                       56712841Kb

30/01/2023 16:24:05: Log Auto Update - Download: Version4.9.7.txt                                       56716106Kb

30/01/2023 16:24:05: Log Auto Update - Download: Version4.9.8.txt                                       56717305Kb

30/01/2023 16:24:05: Log Auto Update - Download: Version4.9.9.txt                                       56718271Kb

30/01/2023 16:24:05: Log Auto Update - Download: Version5.0.0.txt                                       56719384Kb
