
30/01/2023 16:11:09: APP START - --------------------------------------------   START   ------------------------------------------------

30/01/2023 16:25:58: APP START - --------------------------------------------   START   ------------------------------------------------

30/01/2023 16:26:07: WinLoadFromFile - Load Template - 499

30/01/2023 16:26:07: TaiDK - Start calculation

30/01/2023 16:26:07: TaiDK - End calculation

30/01/2023 16:26:07: frmToKhai_ReLoad - All_Load - 721

30/01/2023 16:26:28: Validate - Start validate data

30/01/2023 16:26:28: Validate - Start update value

30/01/2023 16:26:29: Validate - End update value

30/01/2023 16:26:29: Validate - End validate data

30/01/2023 16:26:46: Validate - Start validate data

30/01/2023 16:26:46: Validate - Start update value

30/01/2023 16:26:46: Validate - End update value

30/01/2023 16:26:46: Validate - End validate data

30/01/2023 16:29:32: WinLoadFromFile - Load Template - 424

30/01/2023 16:29:32: TaiDK - Start calculation

30/01/2023 16:29:32: TaiDK - End calculation

30/01/2023 16:29:32: TaiDK - Step 1

30/01/2023 16:29:32: TaiDK - Start calculation

30/01/2023 16:29:32: TaiDK - End calculation

30/01/2023 16:29:33: TaiDK - Step 1

30/01/2023 16:29:33: TaiDK - Step 1

30/01/2023 16:29:33: TaiDK - Start calculation

30/01/2023 16:29:33: TaiDK - End calculation

30/01/2023 16:29:33: TaiDK - Step 1

30/01/2023 16:29:33: TaiDK - Step 1

30/01/2023 16:29:33: TaiDK - Start calculation

30/01/2023 16:29:33: TaiDK - End calculation

30/01/2023 16:29:33: TaiDK - Step 1

30/01/2023 16:29:33: TaiDK - Start calculation

30/01/2023 16:29:33: TaiDK - End calculation

30/01/2023 16:29:33: frmToKhai_ReLoad - All_Load - 822
